>>>>>>>>>>>>>>>>>>>>>>>>>>FF<<<<<<<<<<<<<<<<<<<<<<<<<<<<<<<<<<<

t:     100422 job   996 on # 0 of server ant COMPLETED
t:     100429 job   993 on # 0 of server dunkey COMPLETED
t:     114831 job   220 on # 0 of server elephant COMPLETED
t:     114831 job   225 on # 0 of server elephant RUNNING
t:     114831 job   248 on # 0 of server elephant RUNNING
t:     114883 job   225 on # 0 of server elephant COMPLETED
t:     114883 job   322 on # 0 of server elephant RUNNING
t:     115036 job   322 on # 0 of server elephant COMPLETED
t:     115036 job   323 on # 0 of server elephant RUNNING
t:     115071 job   323 on # 0 of server elephant COMPLETED
t:     115071 job   327 on # 0 of server elephant RUNNING
t:     115142 job   248 on # 0 of server elephant COMPLETED
t:     116420 job   327 on # 0 of server elephant COMPLETED
t:     116420 job   329 on # 0 of server elephant RUNNING
t:     116420 job   330 on # 0 of server elephant RUNNING
t:     116731 job   330 on # 0 of server elephant COMPLETED
t:     116731 job   331 on # 0 of server elephant RUNNING
t:     117099 job   329 on # 0 of server elephant COMPLETED
t:     117099 job   332 on # 0 of server elephant RUNNING
t:     117448 job   332 on # 0 of server elephant COMPLETED
t:     117448 job   333 on # 0 of server elephant RUNNING
t:     118019 job   331 on # 0 of server elephant COMPLETED
t:     118019 job   334 on # 0 of server elephant RUNNING
t:     118184 job   334 on # 0 of server elephant COMPLETED
t:     118184 job   335 on # 0 of server elephant RUNNING
t:     118311 job   333 on # 0 of server elephant COMPLETED
t:     118482 job   335 on # 0 of server elephant COMPLETED
t:     118482 job   339 on # 0 of server elephant RUNNING
t:     119213 job   339 on # 0 of server elephant COMPLETED
t:     119213 job   342 on # 0 of server elephant RUNNING
t:     119255 job   342 on # 0 of server elephant COMPLETED
t:     119255 job   343 on # 0 of server elephant RUNNING
t:     119514 job   343 on # 0 of server elephant COMPLETED
t:     119514 job   344 on # 0 of server elephant RUNNING
t:     121311 job   344 on # 0 of server elephant COMPLETED
t:     121311 job   345 on # 0 of server elephant RUNNING
t:     121403 job   345 on # 0 of server elephant COMPLETED
t:     121403 job   348 on # 0 of server elephant RUNNING
t:     121672 job   348 on # 0 of server elephant COMPLETED
t:     121672 job   360 on # 0 of server elephant RUNNING
t:     121672 job   363 on # 0 of server elephant RUNNING
t:     121735 job   360 on # 0 of server elephant COMPLETED
t:     121735 job   364 on # 0 of server elephant RUNNING
t:     121933 job   363 on # 0 of server elephant COMPLETED
t:     123436 job   364 on # 0 of server elephant COMPLETED
t:     123436 job   367 on # 0 of server elephant RUNNING
t:     123610 job   367 on # 0 of server elephant COMPLETED
t:     123610 job   370 on # 0 of server elephant RUNNING
t:     123610 job   372 on # 0 of server elephant RUNNING
t:     123864 job   370 on # 0 of server elephant COMPLETED
t:     123864 job   373 on # 0 of server elephant RUNNING
t:     123864 job   375 on # 0 of server elephant RUNNING
t:     123864 job   376 on # 0 of server elephant RUNNING
t:     123926 job   373 on # 0 of server elephant COMPLETED
t:     124062 job   372 on # 0 of server elephant COMPLETED
t:     124062 job   379 on # 0 of server elephant RUNNING
t:     124267 job   379 on # 0 of server elephant COMPLETED
t:     124267 job   380 on # 0 of server elephant RUNNING
t:     124288 job   380 on # 0 of server elephant COMPLETED
t:     124678 job   647 on # 4 of server elephant COMPLETED
t:     125052 job   375 on # 0 of server elephant COMPLETED
t:     125052 job   382 on # 0 of server elephant RUNNING
t:     125283 job   382 on # 0 of server elephant COMPLETED
t:     125283 job   383 on # 0 of server elephant RUNNING
t:     127000 job   383 on # 0 of server elephant COMPLETED
t:     127000 job   384 on # 0 of server elephant RUNNING
t:     127295 job   384 on # 0 of server elephant COMPLETED
t:     127295 job   387 on # 0 of server elephant RUNNING
t:     127575 job   387 on # 0 of server elephant COMPLETED
t:     127575 job   389 on # 0 of server elephant RUNNING
t:     127762 job   389 on # 0 of server elephant COMPLETED
t:     127762 job   391 on # 0 of server elephant RUNNING
t:     127762 job   392 on # 0 of server elephant RUNNING
t:     127971 job   392 on # 0 of server elephant COMPLETED
t:     141298 job   376 on # 0 of server elephant COMPLETED
t:     141298 job   394 on # 0 of server elephant RUNNING
t:     141495 job   394 on # 0 of server elephant COMPLETED
t:     141495 job   395 on # 0 of server elephant RUNNING
t:     141710 job   395 on # 0 of server elephant COMPLETED
t:     142918 job   915 on # 2 of server elephant COMPLETED
t:     171239 job   391 on # 0 of server elephant COMPLETED
t:     171239 job   397 on # 0 of server elephant RUNNING
t:     172611 job   397 on # 0 of server elephant COMPLETED
t:     172611 job   398 on # 0 of server elephant RUNNING
t:     172611 job   399 on # 0 of server elephant RUNNING
t:     172879 job   398 on # 0 of server elephant COMPLETED
t:     172879 job   400 on # 0 of server elephant RUNNING
t:     172917 job   400 on # 0 of server elephant COMPLETED
t:     172917 job   401 on # 0 of server elephant RUNNING
t:     174058 job   399 on # 0 of server elephant COMPLETED
t:     174058 job   403 on # 0 of server elephant RUNNING
t:     174159 job   403 on # 0 of server elephant COMPLETED
t:     174159 job   404 on # 0 of server elephant RUNNING
t:     174460 job   401 on # 0 of server elephant COMPLETED
t:     174460 job   421 on # 0 of server elephant RUNNING
t:     174598 job   421 on # 0 of server elephant COMPLETED
t:     174598 job   431 on # 0 of server elephant RUNNING
t:     174880 job   431 on # 0 of server elephant COMPLETED
t:     174880 job   445 on # 0 of server elephant RUNNING
t:     175953 job   404 on # 0 of server elephant COMPLETED
t:     175953 job   449 on # 0 of server elephant RUNNING
t:     176315 job   445 on # 0 of server elephant COMPLETED
t:     176369 job   449 on # 0 of server elephant COMPLETED
t:     176369 job   452 on # 0 of server elephant RUNNING
t:     176497 job   452 on # 0 of server elephant COMPLETED
t:     176497 job   456 on # 0 of server elephant RUNNING
t:     176497 job   458 on # 0 of server elephant RUNNING
t:     177372 job   458 on # 0 of server elephant COMPLETED
t:     177372 job   459 on # 0 of server elephant RUNNING
t:     177505 job   459 on # 0 of server elephant COMPLETED
t:     177505 job   460 on # 0 of server elephant RUNNING
t:     177505 job   461 on # 0 of server elephant RUNNING
t:     177505 job   462 on # 0 of server elephant RUNNING
t:     177535 job   456 on # 0 of server elephant COMPLETED
t:     177727 job   462 on # 0 of server elephant COMPLETED
t:     177727 job   463 on # 0 of server elephant RUNNING
t:     178375 job   460 on # 0 of server elephant COMPLETED
t:     178375 job   465 on # 0 of server elephant RUNNING
t:     178506 job   463 on # 0 of server elephant COMPLETED
t:     178506 job   466 on # 0 of server elephant RUNNING
t:     178754 job   461 on # 0 of server elephant COMPLETED
t:     178799 job   466 on # 0 of server elephant COMPLETED
t:     178799 job   467 on # 0 of server elephant RUNNING
t:     178799 job   468 on # 0 of server elephant RUNNING
t:     178799 job   469 on # 0 of server elephant RUNNING
t:     178834 job   469 on # 0 of server elephant COMPLETED
t:     178943 job   467 on # 0 of server elephant COMPLETED
t:     178943 job   471 on # 0 of server elephant RUNNING
t:     179145 job   471 on # 0 of server elephant COMPLETED
t:     179145 job   473 on # 0 of server elephant RUNNING
t:     179246 job   468 on # 0 of server elephant COMPLETED
t:     179246 job   474 on # 0 of server elephant RUNNING
t:     179504 job   474 on # 0 of server elephant COMPLETED
t:     179504 job   475 on # 0 of server elephant RUNNING
t:     180030 job   465 on # 0 of server elephant COMPLETED
t:     180523 job   475 on # 0 of server elephant COMPLETED
t:     180523 job   476 on # 0 of server elephant RUNNING
t:     180818 job   476 on # 0 of server elephant COMPLETED
t:     180818 job   479 on # 0 of server elephant RUNNING
t:     181032 job   479 on # 0 of server elephant COMPLETED
t:     181032 job   485 on # 0 of server elephant RUNNING
t:     181205 job   485 on # 0 of server elephant COMPLETED
t:     181205 job   515 on # 0 of server elephant RUNNING
t:     181465 job   515 on # 0 of server elephant COMPLETED
t:     181465 job   567 on # 0 of server elephant RUNNING
t:     182338 job   567 on # 0 of server elephant COMPLETED
t:     182338 job   568 on # 0 of server elephant RUNNING
t:     182338 job   569 on # 0 of server elephant RUNNING
t:     182442 job   569 on # 0 of server elephant COMPLETED
t:     182442 job   570 on # 0 of server elephant RUNNING
t:     182838 job   568 on # 0 of server elephant COMPLETED
t:     182838 job   572 on # 0 of server elephant RUNNING
t:     183455 job   570 on # 0 of server elephant COMPLETED
t:     184416 job   572 on # 0 of server elephant COMPLETED
t:     184416 job   577 on # 0 of server elephant RUNNING
t:     184518 job   577 on # 0 of server elephant COMPLETED
t:     214119 job   473 on # 0 of server elephant COMPLETED
t:     214119 job   578 on # 0 of server elephant RUNNING
t:     214179 job   578 on # 0 of server elephant COMPLETED
t:     214179 job   579 on # 0 of server elephant RUNNING
t:     214179 job   581 on # 0 of server elephant RUNNING
t:     214441 job   581 on # 0 of server elephant COMPLETED
t:     214441 job   583 on # 0 of server elephant RUNNING
t:     214498 job   583 on # 0 of server elephant COMPLETED
t:     214498 job   588 on # 0 of server elephant RUNNING
t:     214707 job   588 on # 0 of server elephant COMPLETED
t:     214707 job   589 on # 0 of server elephant RUNNING
t:     215003 job   579 on # 0 of server elephant COMPLETED
t:     215003 job   590 on # 0 of server elephant RUNNING
t:     215273 job   590 on # 0 of server elephant COMPLETED
t:     215273 job   591 on # 0 of server elephant RUNNING
t:     215333 job   589 on # 0 of server elephant COMPLETED
t:     216382 job   591 on # 0 of server elephant COMPLETED
t:     216382 job   592 on # 0 of server elephant RUNNING
t:     217376 job   592 on # 0 of server elephant COMPLETED
t:     217376 job   594 on # 0 of server elephant RUNNING
t:     217376 job   595 on # 0 of server elephant RUNNING
t:     217427 job   595 on # 0 of server elephant COMPLETED
t:     217427 job   596 on # 0 of server elephant RUNNING
t:     217439 job   596 on # 0 of server elephant COMPLETED
t:     217439 job   599 on # 0 of server elephant RUNNING
t:     217457 job   599 on # 0 of server elephant COMPLETED
t:     217457 job   600 on # 0 of server elephant RUNNING
t:     217457 job   601 on # 0 of server elephant RUNNING
t:     217605 job   600 on # 0 of server elephant COMPLETED
t:     217605 job   602 on # 0 of server elephant RUNNING
t:     217673 job   601 on # 0 of server elephant COMPLETED
t:     218009 job   594 on # 0 of server elephant COMPLETED
t:     218009 job   603 on # 0 of server elephant RUNNING
t:     218009 job   604 on # 0 of server elephant RUNNING
t:     218055 job   602 on # 0 of server elephant COMPLETED
t:     218506 job   603 on # 0 of server elephant COMPLETED
t:     218506 job   606 on # 0 of server elephant RUNNING
t:     218506 job   607 on # 0 of server elephant RUNNING
t:     218629 job   606 on # 0 of server elephant COMPLETED
t:     218629 job   608 on # 0 of server elephant RUNNING
t:     218775 job   607 on # 0 of server elephant COMPLETED
t:     218775 job   615 on # 0 of server elephant RUNNING
t:     218793 job   608 on # 0 of server elephant COMPLETED
t:     218793 job   616 on # 0 of server elephant RUNNING
t:     218908 job   616 on # 0 of server elephant COMPLETED
t:     218908 job   618 on # 0 of server elephant RUNNING
t:     218948 job   618 on # 0 of server elephant COMPLETED
t:     219065 job   615 on # 0 of server elephant COMPLETED
t:     219477 job   604 on # 0 of server elephant COMPLETED
t:     219477 job   619 on # 0 of server elephant RUNNING
t:     219605 job   619 on # 0 of server elephant COMPLETED
t:     219605 job   621 on # 0 of server elephant RUNNING
t:     220261 job   621 on # 0 of server elephant COMPLETED
t:     220261 job   622 on # 0 of server elephant RUNNING
t:     220261 job   623 on # 0 of server elephant RUNNING
t:     220528 job   623 on # 0 of server elephant COMPLETED
t:     220528 job   625 on # 0 of server elephant RUNNING
t:     220589 job   625 on # 0 of server elephant COMPLETED
t:     220589 job   627 on # 0 of server elephant RUNNING
t:     220605 job   627 on # 0 of server elephant COMPLETED
t:     221870 job   622 on # 0 of server elephant COMPLETED
t:     221870 job   628 on # 0 of server elephant RUNNING
t:     221870 job   630 on # 0 of server elephant RUNNING
t:     221956 job   628 on # 0 of server elephant COMPLETED
t:     221956 job   632 on # 0 of server elephant RUNNING
t:     222114 job   630 on # 0 of server elephant COMPLETED
t:     222114 job   635 on # 0 of server elephant RUNNING
t:     222158 job   635 on # 0 of server elephant COMPLETED
t:     222238 job   632 on # 0 of server elephant COMPLETED
t:     222238 job   641 on # 0 of server elephant RUNNING
t:     222270 job   641 on # 0 of server elephant COMPLETED
t:     222270 job   642 on # 0 of server elephant RUNNING
t:     222382 job   642 on # 0 of server elephant COMPLETED
t:     222382 job   644 on # 0 of server elephant RUNNING
t:     224029 job   644 on # 0 of server elephant COMPLETED
t:     224029 job   645 on # 0 of server elephant RUNNING
t:     224192 job   645 on # 0 of server elephant COMPLETED
t:     224192 job   648 on # 0 of server elephant RUNNING
t:     224240 job   648 on # 0 of server elephant COMPLETED
t:     224240 job   649 on # 0 of server elephant RUNNING
t:     224398 job   649 on # 0 of server elephant COMPLETED
t:     224398 job   651 on # 0 of server elephant RUNNING
t:     224398 job   654 on # 0 of server elephant RUNNING
t:     224398 job   655 on # 0 of server elephant RUNNING
t:     224561 job   654 on # 0 of server elephant COMPLETED
t:     224709 job   655 on # 0 of server elephant COMPLETED
t:     224709 job   657 on # 0 of server elephant RUNNING
t:     224767 job   651 on # 0 of server elephant COMPLETED
t:     224798 job   657 on # 0 of server elephant COMPLETED
t:     224798 job   658 on # 0 of server elephant RUNNING
t:     224798 job   659 on # 0 of server elephant RUNNING
t:     224798 job   667 on # 0 of server elephant RUNNING
t:     224883 job   659 on # 0 of server elephant COMPLETED
t:     224928 job   667 on # 0 of server elephant COMPLETED
t:     224928 job   712 on # 0 of server elephant RUNNING
t:     225315 job   658 on # 0 of server elephant COMPLETED
t:     225315 job   770 on # 0 of server elephant RUNNING
t:     225509 job   770 on # 0 of server elephant COMPLETED
t:     225509 job   771 on # 0 of server elephant RUNNING
t:     225963 job   771 on # 0 of server elephant COMPLETED
t:     225963 job   772 on # 0 of server elephant RUNNING
t:     226249 job   772 on # 0 of server elephant COMPLETED
t:     226249 job   773 on # 0 of server elephant RUNNING
t:     226249 job   774 on # 0 of server elephant RUNNING
t:     227037 job   773 on # 0 of server elephant COMPLETED
t:     227074 job   774 on # 0 of server elephant COMPLETED
t:     227074 job   775 on # 0 of server elephant RUNNING
t:     227638 job   775 on # 0 of server elephant COMPLETED
t:     227638 job   776 on # 0 of server elephant RUNNING
t:     227901 job   776 on # 0 of server elephant COMPLETED
t:     227901 job   778 on # 0 of server elephant RUNNING
t:     229333 job   778 on # 0 of server elephant COMPLETED
t:     229333 job   779 on # 0 of server elephant RUNNING
t:     230062 job   779 on # 0 of server elephant COMPLETED
t:     230062 job   780 on # 0 of server elephant RUNNING
t:     230347 job   780 on # 0 of server elephant COMPLETED
t:     230347 job   781 on # 0 of server elephant RUNNING
t:     231127 job   781 on # 0 of server elephant COMPLETED
t:     231127 job   783 on # 0 of server elephant RUNNING
t:     231350 job   783 on # 0 of server elephant COMPLETED
t:     231350 job   784 on # 0 of server elephant RUNNING
t:     233127 job   784 on # 0 of server elephant COMPLETED
t:     233127 job   786 on # 0 of server elephant RUNNING
t:     233127 job   789 on # 0 of server elephant RUNNING
t:     233175 job   789 on # 0 of server elephant COMPLETED
t:     233812 job   786 on # 0 of server elephant COMPLETED
t:     233812 job   791 on # 0 of server elephant RUNNING
t:     233812 job   793 on # 0 of server elephant RUNNING
t:     233823 job   791 on # 0 of server elephant COMPLETED
t:     233823 job   794 on # 0 of server elephant RUNNING
t:     233892 job   793 on # 0 of server elephant COMPLETED
t:     233952 job   794 on # 0 of server elephant COMPLETED
t:     233952 job   795 on # 0 of server elephant RUNNING
t:     234362 job   795 on # 0 of server elephant COMPLETED
t:     234362 job   797 on # 0 of server elephant RUNNING
t:     234608 job   797 on # 0 of server elephant COMPLETED
t:     234608 job   799 on # 0 of server elephant RUNNING
t:     234608 job   800 on # 0 of server elephant RUNNING
t:     234628 job   800 on # 0 of server elephant COMPLETED
t:     234628 job   801 on # 0 of server elephant RUNNING
t:     234687 job   712 on # 0 of server elephant COMPLETED
t:     234963 job   801 on # 0 of server elephant COMPLETED
t:     234963 job   803 on # 0 of server elephant RUNNING
t:     235449 job   799 on # 0 of server elephant COMPLETED
t:     235449 job   805 on # 0 of server elephant RUNNING
t:     235449 job   808 on # 0 of server elephant RUNNING
t:     235519 job   808 on # 0 of server elephant COMPLETED
t:     236441 job   803 on # 0 of server elephant COMPLETED
t:     236441 job   811 on # 0 of server elephant RUNNING
t:     236657 job   805 on # 0 of server elephant COMPLETED
t:     237504 job   811 on # 0 of server elephant COMPLETED
t:     237504 job   821 on # 0 of server elephant RUNNING
t:     237793 job   821 on # 0 of server elephant COMPLETED
t:     237793 job   826 on # 0 of server elephant RUNNING
t:     239537 job   826 on # 0 of server elephant COMPLETED
t:     239537 job   828 on # 0 of server elephant RUNNING
t:     239593 job   828 on # 0 of server elephant COMPLETED
t:     239593 job   830 on # 0 of server elephant RUNNING
t:     239756 job   830 on # 0 of server elephant COMPLETED
t:     239756 job   831 on # 0 of server elephant RUNNING
t:     239756 job   833 on # 0 of server elephant RUNNING
t:     239756 job   834 on # 0 of server elephant RUNNING
t:     239756 job   835 on # 0 of server elephant RUNNING
t:     239756 job   838 on # 0 of server elephant RUNNING
t:     239914 job   838 on # 0 of server elephant COMPLETED
t:     239914 job   839 on # 0 of server elephant RUNNING
t:     239997 job   833 on # 0 of server elephant COMPLETED
t:     239997 job   834 on # 0 of server elephant COMPLETED
t:     240022 job   839 on # 0 of server elephant COMPLETED
t:     240022 job   843 on # 0 of server elephant RUNNING
t:     240293 job   843 on # 0 of server elephant COMPLETED
t:     240293 job   844 on # 0 of server elephant RUNNING
t:     240293 job   847 on # 0 of server elephant RUNNING
t:     240456 job   847 on # 0 of server elephant COMPLETED
t:     241519 job   831 on # 0 of server elephant COMPLETED
t:     241519 job   848 on # 0 of server elephant RUNNING
t:     241524 job   844 on # 0 of server elephant COMPLETED
t:     242340 job   848 on # 0 of server elephant COMPLETED
t:     242340 job   849 on # 0 of server elephant RUNNING
t:     301778 job   849 on # 0 of server elephant COMPLETED
t:     314246 job   835 on # 0 of server elephant COMPLETED
t:     314246 job   851 on # 0 of server elephant RUNNING
t:     315924 job   851 on # 0 of server elephant COMPLETED
t:     315924 job   853 on # 0 of server elephant RUNNING
t:     315924 job   858 on # 0 of server elephant RUNNING
t:     316146 job   858 on # 0 of server elephant COMPLETED
t:     316146 job   859 on # 0 of server elephant RUNNING
t:     316169 job   859 on # 0 of server elephant COMPLETED
t:     316169 job   861 on # 0 of server elephant RUNNING
t:     316539 job   853 on # 0 of server elephant COMPLETED
t:     316539 job   866 on # 0 of server elephant RUNNING
t:     316727 job   866 on # 0 of server elephant COMPLETED
t:     316727 job   868 on # 0 of server elephant RUNNING
t:     316935 job   861 on # 0 of server elephant COMPLETED
t:     317330 job   868 on # 0 of server elephant COMPLETED
t:     317330 job   869 on # 0 of server elephant RUNNING
t:     317330 job   870 on # 0 of server elephant RUNNING
t:     317417 job   870 on # 0 of server elephant COMPLETED
t:     318921 job   869 on # 0 of server elephant COMPLETED
t:     318921 job   917 on # 0 of server elephant RUNNING
t:     318937 job   917 on # 0 of server elephant COMPLETED
t:     318937 job   919 on # 0 of server elephant RUNNING
t:     318937 job   921 on # 0 of server elephant RUNNING
t:     320282 job   919 on # 0 of server elephant COMPLETED
t:     320282 job   922 on # 0 of server elephant RUNNING
t:     320557 job   922 on # 0 of server elephant COMPLETED
t:     320557 job   925 on # 0 of server elephant RUNNING
t:     320557 job   926 on # 0 of server elephant RUNNING
t:     320621 job   921 on # 0 of server elephant COMPLETED
t:     321360 job   926 on # 0 of server elephant COMPLETED
t:     321360 job   927 on # 0 of server elephant RUNNING
t:     322205 job   925 on # 0 of server elephant COMPLETED
t:     322205 job   931 on # 0 of server elephant RUNNING
t:     322304 job   927 on # 0 of server elephant COMPLETED
t:     322304 job   932 on # 0 of server elephant RUNNING
t:     322426 job   931 on # 0 of server elephant COMPLETED
t:     322497 job   932 on # 0 of server elephant COMPLETED
t:     322497 job   935 on # 0 of server elephant RUNNING
t:     323879 job   935 on # 0 of server elephant COMPLETED
t:     323879 job   936 on # 0 of server elephant RUNNING
t:     323879 job   938 on # 0 of server elephant RUNNING
t:     324091 job   938 on # 0 of server elephant COMPLETED
t:     325433 job   936 on # 0 of server elephant COMPLETED
t:     325433 job   941 on # 0 of server elephant RUNNING
t:     325579 job   941 on # 0 of server elephant COMPLETED
t:     325579 job   946 on # 0 of server elephant RUNNING
t:     326476 job   946 on # 0 of server elephant COMPLETED
t:     326476 job   988 on # 0 of server elephant RUNNING
t:     413014 job   988 on # 0 of server elephant COMPLETED
SENT QUIT
# ---------------------------------------------------------------------------
# 5 elephant servers used with a utilisation of 32.88 at the cost of $1834.08
# 12 ant servers used with a utilisation of 3.93 at the cost of $68.79
# 8 dunkey servers used with a utilisation of 4.67 at the cost of $350.31
# =============================== [ Overall ] ===============================
# actual simulation end time: 413014
# total #servers used: 25, avg utilisation: 9.96 and total cost: $2253.18
# avg waiting time: 31289, avg exec time: 1433 and avg turnaround time: 32722



>>>>>>>>>>>>>>>>>>>>>>>>>>BF<<<<<<<<<<<<<<<<<<<<<<<<<<<<<<<<<<<

t:     100422 job   996 on # 0 of server ant COMPLETED
t:     100429 job   993 on # 0 of server dunkey COMPLETED
t:     117568 job   116 on # 0 of server elephant COMPLETED
t:     117568 job   143 on # 0 of server elephant RUNNING
t:     117606 job   143 on # 0 of server elephant COMPLETED
t:     117606 job   146 on # 0 of server elephant RUNNING
t:     118288 job   146 on # 0 of server elephant COMPLETED
t:     118288 job   148 on # 0 of server elephant RUNNING
t:     118340 job   148 on # 0 of server elephant COMPLETED
t:     118340 job   149 on # 0 of server elephant RUNNING
t:     118450 job   149 on # 0 of server elephant COMPLETED
t:     118450 job   152 on # 0 of server elephant RUNNING
t:     118450 job   154 on # 0 of server elephant RUNNING
t:     118555 job   152 on # 0 of server elephant COMPLETED
t:     118555 job   156 on # 0 of server elephant RUNNING
t:     118715 job   156 on # 0 of server elephant COMPLETED
t:     118715 job   157 on # 0 of server elephant RUNNING
t:     118786 job   157 on # 0 of server elephant COMPLETED
t:     118786 job   158 on # 0 of server elephant RUNNING
t:     119367 job   158 on # 0 of server elephant COMPLETED
t:     119367 job   159 on # 0 of server elephant RUNNING
t:     120185 job   154 on # 0 of server elephant COMPLETED
t:     120185 job   160 on # 0 of server elephant RUNNING
t:     120211 job   159 on # 0 of server elephant COMPLETED
t:     120316 job   160 on # 0 of server elephant COMPLETED
t:     120316 job   161 on # 0 of server elephant RUNNING
t:     121826 job   161 on # 0 of server elephant COMPLETED
t:     121826 job   165 on # 0 of server elephant RUNNING
t:     121976 job   165 on # 0 of server elephant COMPLETED
t:     121976 job   166 on # 0 of server elephant RUNNING
t:     122142 job   166 on # 0 of server elephant COMPLETED
t:     122142 job   174 on # 0 of server elephant RUNNING
t:     122142 job   182 on # 0 of server elephant RUNNING
t:     122142 job   198 on # 0 of server elephant RUNNING
t:     122429 job   174 on # 0 of server elephant COMPLETED
t:     122429 job   200 on # 0 of server elephant RUNNING
t:     122566 job   200 on # 0 of server elephant COMPLETED
t:     122566 job   201 on # 0 of server elephant RUNNING
t:     122742 job   201 on # 0 of server elephant COMPLETED
t:     122742 job   202 on # 0 of server elephant RUNNING
t:     122818 job   202 on # 0 of server elephant COMPLETED
t:     122818 job   205 on # 0 of server elephant RUNNING
t:     122886 job   205 on # 0 of server elephant COMPLETED
t:     122886 job   208 on # 0 of server elephant RUNNING
t:     123163 job   208 on # 0 of server elephant COMPLETED
t:     123163 job   209 on # 0 of server elephant RUNNING
t:     123184 job   209 on # 0 of server elephant COMPLETED
t:     123184 job   210 on # 0 of server elephant RUNNING
t:     123184 job   211 on # 0 of server elephant RUNNING
t:     123219 job   182 on # 0 of server elephant COMPLETED
t:     123337 job   210 on # 0 of server elephant COMPLETED
t:     123421 job   211 on # 0 of server elephant COMPLETED
t:     123421 job   212 on # 0 of server elephant RUNNING
t:     123714 job   198 on # 0 of server elephant COMPLETED
t:     124409 job   212 on # 0 of server elephant COMPLETED
t:     124409 job   215 on # 0 of server elephant RUNNING
t:     124409 job   216 on # 0 of server elephant RUNNING
t:     124535 job   216 on # 0 of server elephant COMPLETED
t:     124678 job   647 on # 2 of server elephant COMPLETED
t:     125650 job   215 on # 0 of server elephant COMPLETED
t:     125650 job   218 on # 0 of server elephant RUNNING
t:     127322 job   218 on # 0 of server elephant COMPLETED
t:     127322 job   220 on # 0 of server elephant RUNNING
t:     127322 job   221 on # 0 of server elephant RUNNING
t:     127322 job   222 on # 0 of server elephant RUNNING
t:     127605 job   221 on # 0 of server elephant COMPLETED
t:     128432 job   222 on # 0 of server elephant COMPLETED
t:     148946 job   220 on # 0 of server elephant COMPLETED
t:     148946 job   225 on # 0 of server elephant RUNNING
t:     148946 job   248 on # 0 of server elephant RUNNING
t:     148998 job   225 on # 0 of server elephant COMPLETED
t:     148998 job   322 on # 0 of server elephant RUNNING
t:     149151 job   322 on # 0 of server elephant COMPLETED
t:     149151 job   323 on # 0 of server elephant RUNNING
t:     149186 job   323 on # 0 of server elephant COMPLETED
t:     149186 job   327 on # 0 of server elephant RUNNING
t:     149257 job   248 on # 0 of server elephant COMPLETED
t:     150535 job   327 on # 0 of server elephant COMPLETED
t:     150535 job   329 on # 0 of server elephant RUNNING
t:     150535 job   330 on # 0 of server elephant RUNNING
t:     150846 job   330 on # 0 of server elephant COMPLETED
t:     150846 job   331 on # 0 of server elephant RUNNING
t:     151214 job   329 on # 0 of server elephant COMPLETED
t:     151214 job   332 on # 0 of server elephant RUNNING
t:     151563 job   332 on # 0 of server elephant COMPLETED
t:     151563 job   333 on # 0 of server elephant RUNNING
t:     152134 job   331 on # 0 of server elephant COMPLETED
t:     152134 job   334 on # 0 of server elephant RUNNING
t:     152299 job   334 on # 0 of server elephant COMPLETED
t:     152299 job   335 on # 0 of server elephant RUNNING
t:     152426 job   333 on # 0 of server elephant COMPLETED
t:     152597 job   335 on # 0 of server elephant COMPLETED
t:     152597 job   339 on # 0 of server elephant RUNNING
t:     153328 job   339 on # 0 of server elephant COMPLETED
t:     153328 job   344 on # 0 of server elephant RUNNING
t:     155125 job   344 on # 0 of server elephant COMPLETED
t:     155125 job   347 on # 0 of server elephant RUNNING
t:     155125 job   348 on # 0 of server elephant RUNNING
t:     155125 job   353 on # 0 of server elephant RUNNING
t:     155207 job   347 on # 0 of server elephant COMPLETED
t:     155207 job   356 on # 0 of server elephant RUNNING
t:     155220 job   356 on # 0 of server elephant COMPLETED
t:     155394 job   348 on # 0 of server elephant COMPLETED
t:     155411 job   353 on # 0 of server elephant COMPLETED
t:     155411 job   368 on # 0 of server elephant RUNNING
t:     155411 job   369 on # 0 of server elephant RUNNING
t:     155521 job   369 on # 0 of server elephant COMPLETED
t:     155649 job   368 on # 0 of server elephant COMPLETED
t:     155649 job   371 on # 0 of server elephant RUNNING
t:     155649 job   373 on # 0 of server elephant RUNNING
t:     155711 job   373 on # 0 of server elephant COMPLETED
t:     155711 job   375 on # 0 of server elephant RUNNING
t:     156287 job   371 on # 0 of server elephant COMPLETED
t:     156287 job   379 on # 0 of server elephant RUNNING
t:     156287 job   380 on # 0 of server elephant RUNNING
t:     156308 job   380 on # 0 of server elephant COMPLETED
t:     156492 job   379 on # 0 of server elephant COMPLETED
t:     156492 job   382 on # 0 of server elephant RUNNING
t:     156723 job   382 on # 0 of server elephant COMPLETED
t:     156723 job   385 on # 0 of server elephant RUNNING
t:     156899 job   375 on # 0 of server elephant COMPLETED
t:     156902 job   385 on # 0 of server elephant COMPLETED
t:     156902 job   390 on # 0 of server elephant RUNNING
t:     157846 job   390 on # 0 of server elephant COMPLETED
t:     157846 job   392 on # 0 of server elephant RUNNING
t:     158055 job   392 on # 0 of server elephant COMPLETED
t:     158055 job   395 on # 0 of server elephant RUNNING
t:     158270 job   395 on # 0 of server elephant COMPLETED
t:     158270 job   397 on # 0 of server elephant RUNNING
t:     159642 job   397 on # 0 of server elephant COMPLETED
t:     159642 job   398 on # 0 of server elephant RUNNING
t:     159642 job   399 on # 0 of server elephant RUNNING
t:     159910 job   398 on # 0 of server elephant COMPLETED
t:     159910 job   401 on # 0 of server elephant RUNNING
t:     161089 job   399 on # 0 of server elephant COMPLETED
t:     161089 job   403 on # 0 of server elephant RUNNING
t:     161190 job   403 on # 0 of server elephant COMPLETED
t:     161190 job   404 on # 0 of server elephant RUNNING
t:     161453 job   401 on # 0 of server elephant COMPLETED
t:     162984 job   404 on # 0 of server elephant COMPLETED
t:     162984 job   406 on # 0 of server elephant RUNNING
t:     163258 job   406 on # 0 of server elephant COMPLETED
t:     163258 job   421 on # 0 of server elephant RUNNING
t:     163258 job   431 on # 0 of server elephant RUNNING
t:     163396 job   421 on # 0 of server elephant COMPLETED
t:     163396 job   449 on # 0 of server elephant RUNNING
t:     163540 job   431 on # 0 of server elephant COMPLETED
t:     163812 job   449 on # 0 of server elephant COMPLETED
t:     163812 job   451 on # 0 of server elephant RUNNING
t:     163930 job   451 on # 0 of server elephant COMPLETED
t:     163930 job   452 on # 0 of server elephant RUNNING
t:     164058 job   452 on # 0 of server elephant COMPLETED
t:     164058 job   456 on # 0 of server elephant RUNNING
t:     164058 job   458 on # 0 of server elephant RUNNING
t:     164058 job   460 on # 0 of server elephant RUNNING
t:     164058 job   461 on # 0 of server elephant RUNNING
t:     164928 job   460 on # 0 of server elephant COMPLETED
t:     164928 job   462 on # 0 of server elephant RUNNING
t:     164933 job   458 on # 0 of server elephant COMPLETED
t:     165096 job   456 on # 0 of server elephant COMPLETED
t:     165096 job   463 on # 0 of server elephant RUNNING
t:     165150 job   462 on # 0 of server elephant COMPLETED
t:     165150 job   465 on # 0 of server elephant RUNNING
t:     165307 job   461 on # 0 of server elephant COMPLETED
t:     165875 job   463 on # 0 of server elephant COMPLETED
t:     165875 job   466 on # 0 of server elephant RUNNING
t:     166168 job   466 on # 0 of server elephant COMPLETED
t:     166168 job   467 on # 0 of server elephant RUNNING
t:     166168 job   468 on # 0 of server elephant RUNNING
t:     166168 job   469 on # 0 of server elephant RUNNING
t:     166203 job   469 on # 0 of server elephant COMPLETED
t:     166312 job   467 on # 0 of server elephant COMPLETED
t:     166615 job   468 on # 0 of server elephant COMPLETED
t:     166805 job   465 on # 0 of server elephant COMPLETED
t:     166805 job   472 on # 0 of server elephant RUNNING
t:     167685 job   472 on # 0 of server elephant COMPLETED
t:     167685 job   473 on # 0 of server elephant RUNNING
t:     167685 job   474 on # 0 of server elephant RUNNING
t:     167943 job   474 on # 0 of server elephant COMPLETED
t:     167943 job   475 on # 0 of server elephant RUNNING
t:     168962 job   475 on # 0 of server elephant COMPLETED
t:     168962 job   479 on # 0 of server elephant RUNNING
t:     169176 job   479 on # 0 of server elephant COMPLETED
t:     169176 job   515 on # 0 of server elephant RUNNING
t:     169436 job   515 on # 0 of server elephant COMPLETED
t:     169436 job   568 on # 0 of server elephant RUNNING
t:     169436 job   569 on # 0 of server elephant RUNNING
t:     169540 job   569 on # 0 of server elephant COMPLETED
t:     169540 job   572 on # 0 of server elephant RUNNING
t:     169936 job   568 on # 0 of server elephant COMPLETED
t:     171118 job   572 on # 0 of server elephant COMPLETED
t:     171118 job   577 on # 0 of server elephant RUNNING
t:     171220 job   577 on # 0 of server elephant COMPLETED
t:     171220 job   579 on # 0 of server elephant RUNNING
t:     172044 job   579 on # 0 of server elephant COMPLETED
t:     172044 job   581 on # 0 of server elephant RUNNING
t:     172044 job   583 on # 0 of server elephant RUNNING
t:     172101 job   583 on # 0 of server elephant COMPLETED
t:     172306 job   581 on # 0 of server elephant COMPLETED
t:     172306 job   588 on # 0 of server elephant RUNNING
t:     172515 job   588 on # 0 of server elephant COMPLETED
t:     172515 job   589 on # 0 of server elephant RUNNING
t:     173141 job   589 on # 0 of server elephant COMPLETED
t:     173141 job   590 on # 0 of server elephant RUNNING
t:     173411 job   590 on # 0 of server elephant COMPLETED
t:     173411 job   591 on # 0 of server elephant RUNNING
t:     174520 job   591 on # 0 of server elephant COMPLETED
t:     174520 job   594 on # 0 of server elephant RUNNING
t:     175153 job   594 on # 0 of server elephant COMPLETED
t:     175153 job   595 on # 0 of server elephant RUNNING
t:     175204 job   595 on # 0 of server elephant COMPLETED
t:     175204 job   596 on # 0 of server elephant RUNNING
t:     175216 job   596 on # 0 of server elephant COMPLETED
t:     175216 job   600 on # 0 of server elephant RUNNING
t:     175216 job   601 on # 0 of server elephant RUNNING
t:     175364 job   600 on # 0 of server elephant COMPLETED
t:     175364 job   602 on # 0 of server elephant RUNNING
t:     175432 job   601 on # 0 of server elephant COMPLETED
t:     175432 job   604 on # 0 of server elephant RUNNING
t:     175814 job   602 on # 0 of server elephant COMPLETED
t:     175814 job   606 on # 0 of server elephant RUNNING
t:     175937 job   606 on # 0 of server elephant COMPLETED
t:     175937 job   607 on # 0 of server elephant RUNNING
t:     176206 job   607 on # 0 of server elephant COMPLETED
t:     176206 job   608 on # 0 of server elephant RUNNING
t:     176370 job   608 on # 0 of server elephant COMPLETED
t:     176900 job   604 on # 0 of server elephant COMPLETED
t:     202659 job   473 on # 0 of server elephant COMPLETED
t:     202659 job   611 on # 0 of server elephant RUNNING
t:     203993 job   611 on # 0 of server elephant COMPLETED
t:     203993 job   615 on # 0 of server elephant RUNNING
t:     203993 job   616 on # 0 of server elephant RUNNING
t:     204108 job   616 on # 0 of server elephant COMPLETED
t:     204108 job   618 on # 0 of server elephant RUNNING
t:     204148 job   618 on # 0 of server elephant COMPLETED
t:     204283 job   615 on # 0 of server elephant COMPLETED
t:     204283 job   619 on # 0 of server elephant RUNNING
t:     204411 job   619 on # 0 of server elephant COMPLETED
t:     204411 job   623 on # 0 of server elephant RUNNING
t:     204411 job   625 on # 0 of server elephant RUNNING
t:     204411 job   627 on # 0 of server elephant RUNNING
t:     204427 job   627 on # 0 of server elephant COMPLETED
t:     204472 job   625 on # 0 of server elephant COMPLETED
t:     204678 job   623 on # 0 of server elephant COMPLETED
t:     204678 job   631 on # 0 of server elephant RUNNING
t:     205221 job   631 on # 0 of server elephant COMPLETED
t:     205221 job   635 on # 0 of server elephant RUNNING
t:     205221 job   644 on # 0 of server elephant RUNNING
t:     205265 job   635 on # 0 of server elephant COMPLETED
t:     206868 job   644 on # 0 of server elephant COMPLETED
t:     206868 job   648 on # 0 of server elephant RUNNING
t:     206916 job   648 on # 0 of server elephant COMPLETED
t:     206916 job   649 on # 0 of server elephant RUNNING
t:     207074 job   649 on # 0 of server elephant COMPLETED
t:     207074 job   651 on # 0 of server elephant RUNNING
t:     207443 job   651 on # 0 of server elephant COMPLETED
t:     207443 job   652 on # 0 of server elephant RUNNING
t:     207443 job   654 on # 0 of server elephant RUNNING
t:     207606 job   654 on # 0 of server elephant COMPLETED
t:     207692 job   652 on # 0 of server elephant COMPLETED
t:     207692 job   655 on # 0 of server elephant RUNNING
t:     207692 job   657 on # 0 of server elephant RUNNING
t:     207781 job   657 on # 0 of server elephant COMPLETED
t:     207781 job   658 on # 0 of server elephant RUNNING
t:     208003 job   655 on # 0 of server elephant COMPLETED
t:     208003 job   659 on # 0 of server elephant RUNNING
t:     208003 job   667 on # 0 of server elephant RUNNING
t:     208088 job   659 on # 0 of server elephant COMPLETED
t:     208133 job   667 on # 0 of server elephant COMPLETED
t:     208133 job   712 on # 0 of server elephant RUNNING
t:     208298 job   658 on # 0 of server elephant COMPLETED
t:     208298 job   770 on # 0 of server elephant RUNNING
t:     208492 job   770 on # 0 of server elephant COMPLETED
t:     208492 job   772 on # 0 of server elephant RUNNING
t:     208778 job   772 on # 0 of server elephant COMPLETED
t:     208778 job   773 on # 0 of server elephant RUNNING
t:     208778 job   774 on # 0 of server elephant RUNNING
t:     209566 job   773 on # 0 of server elephant COMPLETED
t:     209566 job   780 on # 0 of server elephant RUNNING
t:     209603 job   774 on # 0 of server elephant COMPLETED
t:     209851 job   780 on # 0 of server elephant COMPLETED
t:     209851 job   781 on # 0 of server elephant RUNNING
t:     210631 job   781 on # 0 of server elephant COMPLETED
t:     210631 job   783 on # 0 of server elephant RUNNING
t:     210854 job   783 on # 0 of server elephant COMPLETED
t:     210854 job   786 on # 0 of server elephant RUNNING
t:     211539 job   786 on # 0 of server elephant COMPLETED
t:     211539 job   787 on # 0 of server elephant RUNNING
t:     211848 job   787 on # 0 of server elephant COMPLETED
t:     211848 job   791 on # 0 of server elephant RUNNING
t:     211848 job   793 on # 0 of server elephant RUNNING
t:     211859 job   791 on # 0 of server elephant COMPLETED
t:     211859 job   797 on # 0 of server elephant RUNNING
t:     211928 job   793 on # 0 of server elephant COMPLETED
t:     212105 job   797 on # 0 of server elephant COMPLETED
t:     212105 job   799 on # 0 of server elephant RUNNING
t:     212105 job   800 on # 0 of server elephant RUNNING
t:     212125 job   800 on # 0 of server elephant COMPLETED
t:     212125 job   801 on # 0 of server elephant RUNNING
t:     212460 job   801 on # 0 of server elephant COMPLETED
t:     212946 job   799 on # 0 of server elephant COMPLETED
t:     212946 job   803 on # 0 of server elephant RUNNING
t:     212946 job   805 on # 0 of server elephant RUNNING
t:     214154 job   805 on # 0 of server elephant COMPLETED
t:     214154 job   808 on # 0 of server elephant RUNNING
t:     214224 job   808 on # 0 of server elephant COMPLETED
t:     214424 job   803 on # 0 of server elephant COMPLETED
t:     214424 job   809 on # 0 of server elephant RUNNING
t:     215343 job   809 on # 0 of server elephant COMPLETED
t:     215343 job   811 on # 0 of server elephant RUNNING
t:     215343 job   816 on # 0 of server elephant RUNNING
t:     215617 job   816 on # 0 of server elephant COMPLETED
t:     216406 job   811 on # 0 of server elephant COMPLETED
t:     216406 job   818 on # 0 of server elephant RUNNING
t:     217892 job   712 on # 0 of server elephant COMPLETED
t:     218085 job   818 on # 0 of server elephant COMPLETED
t:     218085 job   819 on # 0 of server elephant RUNNING
t:     218085 job   820 on # 0 of server elephant RUNNING
t:     218201 job   819 on # 0 of server elephant COMPLETED
t:     219157 job   820 on # 0 of server elephant COMPLETED
t:     219157 job   821 on # 0 of server elephant RUNNING
t:     219446 job   821 on # 0 of server elephant COMPLETED
t:     219446 job   822 on # 0 of server elephant RUNNING
t:     219534 job   822 on # 0 of server elephant COMPLETED
t:     219534 job   823 on # 0 of server elephant RUNNING
t:     219787 job   823 on # 0 of server elephant COMPLETED
t:     219787 job   825 on # 0 of server elephant RUNNING
t:     220517 job   825 on # 0 of server elephant COMPLETED
t:     220517 job   826 on # 0 of server elephant RUNNING
t:     222261 job   826 on # 0 of server elephant COMPLETED
t:     222261 job   829 on # 0 of server elephant RUNNING
t:     222261 job   831 on # 0 of server elephant RUNNING
t:     222261 job   833 on # 0 of server elephant RUNNING
t:     222261 job   834 on # 0 of server elephant RUNNING
t:     222458 job   829 on # 0 of server elephant COMPLETED
t:     222458 job   835 on # 0 of server elephant RUNNING
t:     222502 job   833 on # 0 of server elephant COMPLETED
t:     222502 job   834 on # 0 of server elephant COMPLETED
t:     224024 job   831 on # 0 of server elephant COMPLETED
t:     224024 job   836 on # 0 of server elephant RUNNING
t:     224213 job   836 on # 0 of server elephant COMPLETED
t:     224213 job   837 on # 0 of server elephant RUNNING
t:     225433 job   837 on # 0 of server elephant COMPLETED
t:     225433 job   838 on # 0 of server elephant RUNNING
t:     225433 job   839 on # 0 of server elephant RUNNING
t:     225541 job   839 on # 0 of server elephant COMPLETED
t:     225591 job   838 on # 0 of server elephant COMPLETED
t:     225591 job   840 on # 0 of server elephant RUNNING
t:     225852 job   840 on # 0 of server elephant COMPLETED
t:     225852 job   841 on # 0 of server elephant RUNNING
t:     226074 job   841 on # 0 of server elephant COMPLETED
t:     226074 job   842 on # 0 of server elephant RUNNING
t:     226160 job   842 on # 0 of server elephant COMPLETED
t:     226160 job   843 on # 0 of server elephant RUNNING
t:     226431 job   843 on # 0 of server elephant COMPLETED
t:     226431 job   844 on # 0 of server elephant RUNNING
t:     227662 job   844 on # 0 of server elephant COMPLETED
t:     227662 job   845 on # 0 of server elephant RUNNING
t:     228539 job   845 on # 0 of server elephant COMPLETED
t:     228539 job   846 on # 0 of server elephant RUNNING
t:     229523 job   846 on # 0 of server elephant COMPLETED
t:     229523 job   847 on # 0 of server elephant RUNNING
t:     229523 job   848 on # 0 of server elephant RUNNING
t:     229686 job   847 on # 0 of server elephant COMPLETED
t:     230344 job   848 on # 0 of server elephant COMPLETED
t:     230344 job   849 on # 0 of server elephant RUNNING
t:     289782 job   849 on # 0 of server elephant COMPLETED
t:     289782 job   853 on # 0 of server elephant RUNNING
t:     290397 job   853 on # 0 of server elephant COMPLETED
t:     290397 job   856 on # 0 of server elephant RUNNING
t:     291716 job   856 on # 0 of server elephant COMPLETED
t:     291716 job   857 on # 0 of server elephant RUNNING
t:     291716 job   858 on # 0 of server elephant RUNNING
t:     291782 job   857 on # 0 of server elephant COMPLETED
t:     291782 job   859 on # 0 of server elephant RUNNING
t:     291805 job   859 on # 0 of server elephant COMPLETED
t:     291805 job   860 on # 0 of server elephant RUNNING
t:     291912 job   860 on # 0 of server elephant COMPLETED
t:     291912 job   861 on # 0 of server elephant RUNNING
t:     291938 job   858 on # 0 of server elephant COMPLETED
t:     291938 job   863 on # 0 of server elephant RUNNING
t:     292116 job   863 on # 0 of server elephant COMPLETED
t:     292116 job   864 on # 0 of server elephant RUNNING
t:     292182 job   864 on # 0 of server elephant COMPLETED
t:     292678 job   861 on # 0 of server elephant COMPLETED
t:     292678 job   865 on # 0 of server elephant RUNNING
t:     292773 job   865 on # 0 of server elephant COMPLETED
t:     292773 job   866 on # 0 of server elephant RUNNING
t:     292961 job   866 on # 0 of server elephant COMPLETED
t:     292961 job   867 on # 0 of server elephant RUNNING
t:     293133 job   867 on # 0 of server elephant COMPLETED
t:     293133 job   868 on # 0 of server elephant RUNNING
t:     293736 job   868 on # 0 of server elephant COMPLETED
t:     293736 job   869 on # 0 of server elephant RUNNING
t:     293736 job   870 on # 0 of server elephant RUNNING
t:     293823 job   870 on # 0 of server elephant COMPLETED
t:     295327 job   869 on # 0 of server elephant COMPLETED
t:     295327 job   871 on # 0 of server elephant RUNNING
t:     295570 job   871 on # 0 of server elephant COMPLETED
t:     295570 job   889 on # 0 of server elephant RUNNING
t:     295637 job   889 on # 0 of server elephant COMPLETED
t:     295637 job   900 on # 0 of server elephant RUNNING
t:     295929 job   900 on # 0 of server elephant COMPLETED
t:     295929 job   910 on # 0 of server elephant RUNNING
t:     296948 job   835 on # 0 of server elephant COMPLETED
t:     296948 job   911 on # 0 of server elephant RUNNING
t:     297005 job   911 on # 0 of server elephant COMPLETED
t:     297107 job   910 on # 0 of server elephant COMPLETED
t:     297107 job   914 on # 0 of server elephant RUNNING
t:     297390 job   914 on # 0 of server elephant COMPLETED
t:     297390 job   915 on # 0 of server elephant RUNNING
t:     348098 job   915 on # 0 of server elephant COMPLETED
t:     348098 job   917 on # 0 of server elephant RUNNING
t:     348114 job   917 on # 0 of server elephant COMPLETED
t:     348114 job   918 on # 0 of server elephant RUNNING
t:     348114 job   919 on # 0 of server elephant RUNNING
t:     349257 job   918 on # 0 of server elephant COMPLETED
t:     349257 job   920 on # 0 of server elephant RUNNING
t:     349459 job   919 on # 0 of server elephant COMPLETED
t:     349459 job   921 on # 0 of server elephant RUNNING
t:     349826 job   920 on # 0 of server elephant COMPLETED
t:     349826 job   922 on # 0 of server elephant RUNNING
t:     350101 job   922 on # 0 of server elephant COMPLETED
t:     350101 job   925 on # 0 of server elephant RUNNING
t:     350101 job   926 on # 0 of server elephant RUNNING
t:     350904 job   926 on # 0 of server elephant COMPLETED
t:     351143 job   921 on # 0 of server elephant COMPLETED
t:     351143 job   927 on # 0 of server elephant RUNNING
t:     351749 job   925 on # 0 of server elephant COMPLETED
t:     351749 job   928 on # 0 of server elephant RUNNING
t:     351967 job   928 on # 0 of server elephant COMPLETED
t:     351967 job   931 on # 0 of server elephant RUNNING
t:     352087 job   927 on # 0 of server elephant COMPLETED
t:     352087 job   932 on # 0 of server elephant RUNNING
t:     352188 job   931 on # 0 of server elephant COMPLETED
t:     352188 job   936 on # 0 of server elephant RUNNING
t:     352280 job   932 on # 0 of server elephant COMPLETED
t:     352280 job   937 on # 0 of server elephant RUNNING
t:     352564 job   937 on # 0 of server elephant COMPLETED
t:     352564 job   938 on # 0 of server elephant RUNNING
t:     352776 job   938 on # 0 of server elephant COMPLETED
t:     352776 job   939 on # 0 of server elephant RUNNING
t:     352776 job   988 on # 0 of server elephant RUNNING
t:     353054 job   939 on # 0 of server elephant COMPLETED
t:     353742 job   936 on # 0 of server elephant COMPLETED
t:     439314 job   988 on # 0 of server elephant COMPLETED
SENT QUIT
# ---------------------------------------------------------------------------
# 5 elephant servers used with a utilisation of 29.98 at the cost of $1950.97
# 12 ant servers used with a utilisation of 3.52 at the cost of $73.17
# 6 dunkey servers used with a utilisation of 4.49 at the cost of $288.94
# =============================== [ Overall ] ===============================
# actual simulation end time: 439314
# total #servers used: 23, avg utilisation: 9.52 and total cost: $2313.08
# avg waiting time: 32288, avg exec time: 1435 and avg turnaround time: 33724



>>>>>>>>>>>>>>>>>>>>>>>>>>WF<<<<<<<<<<<<<<<<<<<<<<<<<<<<<<<<<<<

t:     100422 job   996 on # 2 of server elephant COMPLETED
t:     100429 job   993 on # 2 of server elephant COMPLETED
t:     105293 job   134 on # 0 of server elephant COMPLETED
t:     105293 job   142 on # 0 of server elephant RUNNING
t:     105426 job   142 on # 0 of server elephant COMPLETED
t:     105426 job   143 on # 0 of server elephant RUNNING
t:     105464 job   143 on # 0 of server elephant COMPLETED
t:     105464 job   148 on # 0 of server elephant RUNNING
t:     105516 job   148 on # 0 of server elephant COMPLETED
t:     105516 job   150 on # 0 of server elephant RUNNING
t:     105697 job   150 on # 0 of server elephant COMPLETED
t:     105697 job   151 on # 0 of server elephant RUNNING
t:     105697 job   153 on # 0 of server elephant RUNNING
t:     105905 job   151 on # 0 of server elephant COMPLETED
t:     105905 job   157 on # 0 of server elephant RUNNING
t:     105905 job   159 on # 0 of server elephant RUNNING
t:     105965 job   153 on # 0 of server elephant COMPLETED
t:     105976 job   157 on # 0 of server elephant COMPLETED
t:     105976 job   160 on # 0 of server elephant RUNNING
t:     106107 job   160 on # 0 of server elephant COMPLETED
t:     106107 job   161 on # 0 of server elephant RUNNING
t:     106749 job   159 on # 0 of server elephant COMPLETED
t:     107617 job   161 on # 0 of server elephant COMPLETED
t:     107617 job   162 on # 0 of server elephant RUNNING
t:     107617 job   163 on # 0 of server elephant RUNNING
t:     107647 job   163 on # 0 of server elephant COMPLETED
t:     108152 job   162 on # 0 of server elephant COMPLETED
t:     108152 job   164 on # 0 of server elephant RUNNING
t:     108848 job   164 on # 0 of server elephant COMPLETED
t:     108848 job   165 on # 0 of server elephant RUNNING
t:     108998 job   165 on # 0 of server elephant COMPLETED
t:     108998 job   168 on # 0 of server elephant RUNNING
t:     108998 job   169 on # 0 of server elephant RUNNING
t:     108998 job   170 on # 0 of server elephant RUNNING
t:     108998 job   171 on # 0 of server elephant RUNNING
t:     108998 job   172 on # 0 of server elephant RUNNING
t:     108998 job   173 on # 0 of server elephant RUNNING
t:     109050 job   170 on # 0 of server elephant COMPLETED
t:     109090 job   173 on # 0 of server elephant COMPLETED
t:     109200 job   171 on # 0 of server elephant COMPLETED
t:     109287 job   169 on # 0 of server elephant COMPLETED
t:     109842 job   172 on # 0 of server elephant COMPLETED
t:     110513 job   168 on # 0 of server elephant COMPLETED
t:     110513 job   199 on # 0 of server elephant RUNNING
t:     111593 job   199 on # 0 of server elephant COMPLETED
t:     111593 job   206 on # 0 of server elephant RUNNING
t:     113258 job   206 on # 0 of server elephant COMPLETED
t:     113258 job   213 on # 0 of server elephant RUNNING
t:     113258 job   214 on # 0 of server elephant RUNNING
t:     113306 job   214 on # 0 of server elephant COMPLETED
t:     113306 job   215 on # 0 of server elephant RUNNING
t:     113306 job   219 on # 0 of server elephant RUNNING
t:     113373 job   219 on # 0 of server elephant COMPLETED
t:     113754 job   213 on # 0 of server elephant COMPLETED
t:     114547 job   215 on # 0 of server elephant COMPLETED
t:     114547 job   220 on # 0 of server elephant RUNNING
t:     114547 job   224 on # 0 of server elephant RUNNING
t:     115170 job   224 on # 0 of server elephant COMPLETED
t:     136171 job   220 on # 0 of server elephant COMPLETED
t:     136171 job   225 on # 0 of server elephant RUNNING
t:     136223 job   225 on # 0 of server elephant COMPLETED
t:     136223 job   226 on # 0 of server elephant RUNNING
t:     136223 job   227 on # 0 of server elephant RUNNING
t:     136223 job   228 on # 0 of server elephant RUNNING
t:     136223 job   229 on # 0 of server elephant RUNNING
t:     136223 job   230 on # 0 of server elephant RUNNING
t:     136223 job   231 on # 0 of server elephant RUNNING
t:     136223 job   232 on # 0 of server elephant RUNNING
t:     136223 job   233 on # 0 of server elephant RUNNING
t:     136223 job   234 on # 0 of server elephant RUNNING
t:     136266 job   226 on # 0 of server elephant COMPLETED
t:     136266 job   235 on # 0 of server elephant RUNNING
t:     136266 job   236 on # 0 of server elephant RUNNING
t:     136266 job   237 on # 0 of server elephant RUNNING
t:     136266 job   239 on # 0 of server elephant RUNNING
t:     136266 job   240 on # 0 of server elephant RUNNING
t:     136266 job   241 on # 0 of server elephant RUNNING
t:     136266 job   242 on # 0 of server elephant RUNNING
t:     136266 job   243 on # 0 of server elephant RUNNING
t:     136266 job   244 on # 0 of server elephant RUNNING
t:     136266 job   245 on # 0 of server elephant RUNNING
t:     136266 job   247 on # 0 of server elephant RUNNING
t:     136266 job   250 on # 0 of server elephant RUNNING
t:     136309 job   250 on # 0 of server elephant COMPLETED
t:     136367 job   231 on # 0 of server elephant COMPLETED
t:     136377 job   227 on # 0 of server elephant COMPLETED
t:     136392 job   228 on # 0 of server elephant COMPLETED
t:     136420 job   243 on # 0 of server elephant COMPLETED
t:     136441 job   242 on # 0 of server elephant COMPLETED
t:     136445 job   240 on # 0 of server elephant COMPLETED
t:     136449 job   234 on # 0 of server elephant COMPLETED
t:     136456 job   239 on # 0 of server elephant COMPLETED
t:     136467 job   241 on # 0 of server elephant COMPLETED
t:     136472 job   244 on # 0 of server elephant COMPLETED
t:     136500 job   247 on # 0 of server elephant COMPLETED
t:     136978 job   237 on # 0 of server elephant COMPLETED
t:     137015 job   236 on # 0 of server elephant COMPLETED
t:     137657 job   232 on # 0 of server elephant COMPLETED
t:     137686 job   229 on # 0 of server elephant COMPLETED
t:     137826 job   235 on # 0 of server elephant COMPLETED
t:     137913 job   233 on # 0 of server elephant COMPLETED
t:     137913 job   251 on # 0 of server elephant RUNNING
t:     137950 job   245 on # 0 of server elephant COMPLETED
t:     138223 job   251 on # 0 of server elephant COMPLETED
t:     138807 job   230 on # 0 of server elephant COMPLETED
t:     138807 job   321 on # 0 of server elephant RUNNING
t:     138860 job   321 on # 0 of server elephant COMPLETED
t:     138860 job   326 on # 0 of server elephant RUNNING
t:     140553 job   326 on # 0 of server elephant COMPLETED
t:     140553 job   335 on # 0 of server elephant RUNNING
t:     140851 job   335 on # 0 of server elephant COMPLETED
t:     140851 job   340 on # 0 of server elephant RUNNING
t:     142218 job   340 on # 0 of server elephant COMPLETED
t:     142218 job   342 on # 0 of server elephant RUNNING
t:     142260 job   342 on # 0 of server elephant COMPLETED
t:     142260 job   344 on # 0 of server elephant RUNNING
t:     142918 job   915 on # 3 of server elephant COMPLETED
t:     144057 job   344 on # 0 of server elephant COMPLETED
t:     144057 job   345 on # 0 of server elephant RUNNING
t:     144149 job   345 on # 0 of server elephant COMPLETED
t:     144149 job   359 on # 0 of server elephant RUNNING
t:     145199 job   359 on # 0 of server elephant COMPLETED
t:     145199 job   365 on # 0 of server elephant RUNNING
t:     145834 job   365 on # 0 of server elephant COMPLETED
t:     145834 job   368 on # 0 of server elephant RUNNING
t:     146072 job   368 on # 0 of server elephant COMPLETED
t:     146072 job   374 on # 0 of server elephant RUNNING
t:     147219 job   374 on # 0 of server elephant COMPLETED
t:     147219 job   379 on # 0 of server elephant RUNNING
t:     147219 job   380 on # 0 of server elephant RUNNING
t:     147240 job   380 on # 0 of server elephant COMPLETED
t:     147424 job   379 on # 0 of server elephant COMPLETED
t:     147424 job   384 on # 0 of server elephant RUNNING
t:     147719 job   384 on # 0 of server elephant COMPLETED
t:     147719 job   390 on # 0 of server elephant RUNNING
t:     148663 job   390 on # 0 of server elephant COMPLETED
t:     148663 job   393 on # 0 of server elephant RUNNING
t:     149529 job   393 on # 0 of server elephant COMPLETED
t:     149529 job   394 on # 0 of server elephant RUNNING
t:     149726 job   394 on # 0 of server elephant COMPLETED
t:     149726 job   395 on # 0 of server elephant RUNNING
t:     149941 job   395 on # 0 of server elephant COMPLETED
t:     149941 job   397 on # 0 of server elephant RUNNING
t:     151313 job   397 on # 0 of server elephant COMPLETED
t:     151313 job   400 on # 0 of server elephant RUNNING
t:     151351 job   400 on # 0 of server elephant COMPLETED
t:     151351 job   402 on # 0 of server elephant RUNNING
t:     151362 job   402 on # 0 of server elephant COMPLETED
t:     151362 job   404 on # 0 of server elephant RUNNING
t:     153156 job   404 on # 0 of server elephant COMPLETED
t:     153156 job   406 on # 0 of server elephant RUNNING
t:     153430 job   406 on # 0 of server elephant COMPLETED
t:     153430 job   446 on # 0 of server elephant RUNNING
t:     153646 job   446 on # 0 of server elephant COMPLETED
t:     153646 job   450 on # 0 of server elephant RUNNING
t:     153834 job   450 on # 0 of server elephant COMPLETED
t:     153834 job   451 on # 0 of server elephant RUNNING
t:     153952 job   451 on # 0 of server elephant COMPLETED
t:     153952 job   452 on # 0 of server elephant RUNNING
t:     154080 job   452 on # 0 of server elephant COMPLETED
t:     154080 job   459 on # 0 of server elephant RUNNING
t:     154213 job   459 on # 0 of server elephant COMPLETED
t:     154213 job   464 on # 0 of server elephant RUNNING
t:     154440 job   464 on # 0 of server elephant COMPLETED
t:     154440 job   467 on # 0 of server elephant RUNNING
t:     154584 job   467 on # 0 of server elephant COMPLETED
t:     154584 job   470 on # 0 of server elephant RUNNING
t:     155550 job   470 on # 0 of server elephant COMPLETED
t:     155550 job   471 on # 0 of server elephant RUNNING
t:     155752 job   471 on # 0 of server elephant COMPLETED
t:     155752 job   472 on # 0 of server elephant RUNNING
t:     156632 job   472 on # 0 of server elephant COMPLETED
t:     156632 job   476 on # 0 of server elephant RUNNING
t:     156927 job   476 on # 0 of server elephant COMPLETED
t:     156927 job   478 on # 0 of server elephant RUNNING
t:     157098 job   478 on # 0 of server elephant COMPLETED
t:     157098 job   479 on # 0 of server elephant RUNNING
t:     157312 job   479 on # 0 of server elephant COMPLETED
t:     157312 job   494 on # 0 of server elephant RUNNING
t:     158748 job   494 on # 0 of server elephant COMPLETED
t:     158748 job   573 on # 0 of server elephant RUNNING
t:     158916 job   573 on # 0 of server elephant COMPLETED
t:     158916 job   575 on # 0 of server elephant RUNNING
t:     159158 job   575 on # 0 of server elephant COMPLETED
t:     159158 job   576 on # 0 of server elephant RUNNING
t:     159905 job   576 on # 0 of server elephant COMPLETED
t:     159905 job   584 on # 0 of server elephant RUNNING
t:     161270 job   835 on # 4 of server elephant COMPLETED
t:     161525 job   584 on # 0 of server elephant COMPLETED
t:     161525 job   593 on # 0 of server elephant RUNNING
t:     162437 job   593 on # 0 of server elephant COMPLETED
t:     162437 job   595 on # 0 of server elephant RUNNING
t:     162488 job   595 on # 0 of server elephant COMPLETED
t:     162488 job   596 on # 0 of server elephant RUNNING
t:     162500 job   596 on # 0 of server elephant COMPLETED
t:     162500 job   597 on # 0 of server elephant RUNNING
t:     162722 job   597 on # 0 of server elephant COMPLETED
t:     162722 job   605 on # 0 of server elephant RUNNING
t:     163011 job   605 on # 0 of server elephant COMPLETED
t:     163011 job   609 on # 0 of server elephant RUNNING
t:     163095 job   609 on # 0 of server elephant COMPLETED
t:     163095 job   610 on # 0 of server elephant RUNNING
t:     163273 job   610 on # 0 of server elephant COMPLETED
t:     163273 job   611 on # 0 of server elephant RUNNING
t:     164607 job   611 on # 0 of server elephant COMPLETED
t:     164607 job   612 on # 0 of server elephant RUNNING
t:     164848 job   612 on # 0 of server elephant COMPLETED
t:     164848 job   614 on # 0 of server elephant RUNNING
t:     166115 job   614 on # 0 of server elephant COMPLETED
t:     166115 job   617 on # 0 of server elephant RUNNING
t:     166226 job   617 on # 0 of server elephant COMPLETED
t:     166226 job   619 on # 0 of server elephant RUNNING
t:     166354 job   619 on # 0 of server elephant COMPLETED
t:     166354 job   621 on # 0 of server elephant RUNNING
t:     167010 job   621 on # 0 of server elephant COMPLETED
t:     167010 job   626 on # 0 of server elephant RUNNING
t:     167031 job   626 on # 0 of server elephant COMPLETED
t:     167031 job   629 on # 0 of server elephant RUNNING
t:     167207 job   629 on # 0 of server elephant COMPLETED
t:     167207 job   632 on # 0 of server elephant RUNNING
t:     167489 job   632 on # 0 of server elephant COMPLETED
t:     167489 job   639 on # 0 of server elephant RUNNING
t:     167608 job   639 on # 0 of server elephant COMPLETED
t:     167608 job   643 on # 0 of server elephant RUNNING
t:     169061 job   643 on # 0 of server elephant COMPLETED
t:     169061 job   647 on # 0 of server elephant RUNNING
t:     185108 job   988 on # 1 of server elephant COMPLETED
t:     235891 job   647 on # 0 of server elephant COMPLETED
t:     235891 job   648 on # 0 of server elephant RUNNING
t:     235939 job   648 on # 0 of server elephant COMPLETED
t:     235939 job   649 on # 0 of server elephant RUNNING
t:     236097 job   649 on # 0 of server elephant COMPLETED
t:     236097 job   655 on # 0 of server elephant RUNNING
t:     236097 job   657 on # 0 of server elephant RUNNING
t:     236186 job   657 on # 0 of server elephant COMPLETED
t:     236186 job   658 on # 0 of server elephant RUNNING
t:     236408 job   655 on # 0 of server elephant COMPLETED
t:     236408 job   659 on # 0 of server elephant RUNNING
t:     236493 job   659 on # 0 of server elephant COMPLETED
t:     236703 job   658 on # 0 of server elephant COMPLETED
t:     236703 job   796 on # 0 of server elephant RUNNING
t:     237795 job   796 on # 0 of server elephant COMPLETED
t:     237795 job   810 on # 0 of server elephant RUNNING
t:     237984 job   810 on # 0 of server elephant COMPLETED
t:     237984 job   828 on # 0 of server elephant RUNNING
t:     238040 job   828 on # 0 of server elephant COMPLETED
t:     238040 job   830 on # 0 of server elephant RUNNING
t:     238203 job   830 on # 0 of server elephant COMPLETED
t:     238203 job   848 on # 0 of server elephant RUNNING
t:     239024 job   848 on # 0 of server elephant COMPLETED
t:     239024 job   849 on # 0 of server elephant RUNNING
t:     298462 job   849 on # 0 of server elephant COMPLETED
t:     298462 job   851 on # 0 of server elephant RUNNING
t:     300140 job   851 on # 0 of server elephant COMPLETED
t:     300140 job   853 on # 0 of server elephant RUNNING
t:     300755 job   853 on # 0 of server elephant COMPLETED
t:     300755 job   860 on # 0 of server elephant RUNNING
t:     300862 job   860 on # 0 of server elephant COMPLETED
t:     300862 job   865 on # 0 of server elephant RUNNING
t:     300957 job   865 on # 0 of server elephant COMPLETED
t:     300957 job   866 on # 0 of server elephant RUNNING
t:     301145 job   866 on # 0 of server elephant COMPLETED
t:     301145 job   871 on # 0 of server elephant RUNNING
t:     301388 job   871 on # 0 of server elephant COMPLETED
t:     301388 job   872 on # 0 of server elephant RUNNING
t:     302744 job   872 on # 0 of server elephant COMPLETED
t:     302744 job   913 on # 0 of server elephant RUNNING
t:     302893 job   913 on # 0 of server elephant COMPLETED
t:     302893 job   917 on # 0 of server elephant RUNNING
t:     302909 job   917 on # 0 of server elephant COMPLETED
t:     302909 job   922 on # 0 of server elephant RUNNING
t:     303184 job   922 on # 0 of server elephant COMPLETED
t:     303184 job   927 on # 0 of server elephant RUNNING
t:     304128 job   927 on # 0 of server elephant COMPLETED
t:     304128 job   930 on # 0 of server elephant RUNNING
t:     304715 job   930 on # 0 of server elephant COMPLETED
t:     304715 job   932 on # 0 of server elephant RUNNING
t:     304908 job   932 on # 0 of server elephant COMPLETED
t:     304908 job   934 on # 0 of server elephant RUNNING
t:     305587 job   934 on # 0 of server elephant COMPLETED
t:     305587 job   935 on # 0 of server elephant RUNNING
t:     306969 job   935 on # 0 of server elephant COMPLETED
t:     306969 job   941 on # 0 of server elephant RUNNING
t:     307115 job   941 on # 0 of server elephant COMPLETED
t:     307115 job   946 on # 0 of server elephant RUNNING
t:     308012 job   946 on # 0 of server elephant COMPLETED
SENT QUIT
# ---------------------------------------------------------------------------
# 5 elephant servers used with a utilisation of 48.31 at the cost of $1367.71
# 0 ant servers used with a utilisation of 0.00 at the cost of $0.00
# 0 dunkey servers used with a utilisation of 0.00 at the cost of $0.00
# =============================== [ Overall ] ===============================
# actual simulation end time: 308012
# total #servers used: 5, avg utilisation: 48.31 and total cost: $1367.71
# avg waiting time: 19390, avg exec time: 1461 and avg turnaround time: 20852



>>>>>>>>>>>>>>>>>>>>>>>>>>My Client<<<<<<<<<<<<<<<<<<<<<<<<<<<<<<<<<<<

t:     100261 job   334 on # 0 of server elephant COMPLETED
t:     100261 job   335 on # 0 of server elephant RUNNING
t:     100388 job   333 on # 0 of server elephant COMPLETED
t:     100422 job   996 on #36 of server ant COMPLETED
t:     100429 job   993 on # 8 of server dunkey COMPLETED
t:     100559 job   335 on # 0 of server elephant COMPLETED
t:     100559 job   339 on # 0 of server elephant RUNNING
t:     101290 job   339 on # 0 of server elephant COMPLETED
t:     101290 job   342 on # 0 of server elephant RUNNING
t:     101332 job   342 on # 0 of server elephant COMPLETED
t:     101332 job   343 on # 0 of server elephant RUNNING
t:     101591 job   343 on # 0 of server elephant COMPLETED
t:     101591 job   344 on # 0 of server elephant RUNNING
t:     103388 job   344 on # 0 of server elephant COMPLETED
t:     103388 job   345 on # 0 of server elephant RUNNING
t:     103480 job   345 on # 0 of server elephant COMPLETED
t:     103480 job   346 on # 0 of server elephant RUNNING
t:     103480 job   347 on # 0 of server elephant RUNNING
t:     103562 job   347 on # 0 of server elephant COMPLETED
t:     103562 job   348 on # 0 of server elephant RUNNING
t:     103646 job   346 on # 0 of server elephant COMPLETED
t:     103646 job   349 on # 0 of server elephant RUNNING
t:     103831 job   348 on # 0 of server elephant COMPLETED
t:     104726 job   349 on # 0 of server elephant COMPLETED
t:     104726 job   350 on # 0 of server elephant RUNNING
t:     104801 job   350 on # 0 of server elephant COMPLETED
t:     104801 job   351 on # 0 of server elephant RUNNING
t:     105094 job   351 on # 0 of server elephant COMPLETED
t:     105094 job   352 on # 0 of server elephant RUNNING
t:     105094 job   353 on # 0 of server elephant RUNNING
t:     105139 job   352 on # 0 of server elephant COMPLETED
t:     105139 job   355 on # 0 of server elephant RUNNING
t:     105380 job   353 on # 0 of server elephant COMPLETED
t:     106195 job   355 on # 0 of server elephant COMPLETED
t:     106195 job   356 on # 0 of server elephant RUNNING
t:     106195 job   357 on # 0 of server elephant RUNNING
t:     106208 job   356 on # 0 of server elephant COMPLETED
t:     106208 job   361 on # 0 of server elephant RUNNING
t:     106302 job   361 on # 0 of server elephant COMPLETED
t:     107041 job   357 on # 0 of server elephant COMPLETED
t:     107041 job   362 on # 0 of server elephant RUNNING
t:     107041 job   363 on # 0 of server elephant RUNNING
t:     107086 job   362 on # 0 of server elephant COMPLETED
t:     107086 job   364 on # 0 of server elephant RUNNING
t:     107302 job   363 on # 0 of server elephant COMPLETED
t:     108787 job   364 on # 0 of server elephant COMPLETED
t:     108787 job   367 on # 0 of server elephant RUNNING
t:     108961 job   367 on # 0 of server elephant COMPLETED
t:     108961 job   370 on # 0 of server elephant RUNNING
t:     108961 job   372 on # 0 of server elephant RUNNING
t:     109215 job   370 on # 0 of server elephant COMPLETED
t:     109215 job   373 on # 0 of server elephant RUNNING
t:     109215 job   375 on # 0 of server elephant RUNNING
t:     109215 job   376 on # 0 of server elephant RUNNING
t:     109277 job   373 on # 0 of server elephant COMPLETED
t:     109413 job   372 on # 0 of server elephant COMPLETED
t:     109413 job   379 on # 0 of server elephant RUNNING
t:     109618 job   379 on # 0 of server elephant COMPLETED
t:     109618 job   380 on # 0 of server elephant RUNNING
t:     109639 job   380 on # 0 of server elephant COMPLETED
t:     110403 job   375 on # 0 of server elephant COMPLETED
t:     110403 job   382 on # 0 of server elephant RUNNING
t:     110634 job   382 on # 0 of server elephant COMPLETED
t:     110634 job   383 on # 0 of server elephant RUNNING
t:     112351 job   383 on # 0 of server elephant COMPLETED
t:     112351 job   384 on # 0 of server elephant RUNNING
t:     112646 job   384 on # 0 of server elephant COMPLETED
t:     112646 job   387 on # 0 of server elephant RUNNING
t:     112926 job   387 on # 0 of server elephant COMPLETED
t:     112926 job   389 on # 0 of server elephant RUNNING
t:     113113 job   389 on # 0 of server elephant COMPLETED
t:     113113 job   391 on # 0 of server elephant RUNNING
t:     113113 job   392 on # 0 of server elephant RUNNING
t:     113322 job   392 on # 0 of server elephant COMPLETED
t:     124678 job   647 on # 2 of server elephant COMPLETED
t:     126649 job   376 on # 0 of server elephant COMPLETED
t:     126649 job   394 on # 0 of server elephant RUNNING
t:     126846 job   394 on # 0 of server elephant COMPLETED
t:     126846 job   395 on # 0 of server elephant RUNNING
t:     127061 job   395 on # 0 of server elephant COMPLETED
t:     142918 job   915 on # 3 of server elephant COMPLETED
t:     147460 job   849 on # 1 of server elephant COMPLETED
t:     156590 job   391 on # 0 of server elephant COMPLETED
t:     156590 job   397 on # 0 of server elephant RUNNING
t:     157962 job   397 on # 0 of server elephant COMPLETED
t:     157962 job   398 on # 0 of server elephant RUNNING
t:     157962 job   399 on # 0 of server elephant RUNNING
t:     158230 job   398 on # 0 of server elephant COMPLETED
t:     158230 job   400 on # 0 of server elephant RUNNING
t:     158268 job   400 on # 0 of server elephant COMPLETED
t:     158268 job   401 on # 0 of server elephant RUNNING
t:     159409 job   399 on # 0 of server elephant COMPLETED
t:     159409 job   403 on # 0 of server elephant RUNNING
t:     159510 job   403 on # 0 of server elephant COMPLETED
t:     159510 job   404 on # 0 of server elephant RUNNING
t:     159811 job   401 on # 0 of server elephant COMPLETED
t:     159811 job   421 on # 0 of server elephant RUNNING
t:     159949 job   421 on # 0 of server elephant COMPLETED
t:     159949 job   431 on # 0 of server elephant RUNNING
t:     160231 job   431 on # 0 of server elephant COMPLETED
t:     160231 job   445 on # 0 of server elephant RUNNING
t:     161270 job   835 on # 1 of server elephant COMPLETED
t:     161304 job   404 on # 0 of server elephant COMPLETED
t:     161304 job   449 on # 0 of server elephant RUNNING
t:     161666 job   445 on # 0 of server elephant COMPLETED
t:     161720 job   449 on # 0 of server elephant COMPLETED
t:     161720 job   452 on # 0 of server elephant RUNNING
t:     161848 job   452 on # 0 of server elephant COMPLETED
t:     161848 job   456 on # 0 of server elephant RUNNING
t:     161848 job   458 on # 0 of server elephant RUNNING
t:     162723 job   458 on # 0 of server elephant COMPLETED
t:     162723 job   459 on # 0 of server elephant RUNNING
t:     162856 job   459 on # 0 of server elephant COMPLETED
t:     162856 job   460 on # 0 of server elephant RUNNING
t:     162856 job   461 on # 0 of server elephant RUNNING
t:     162856 job   462 on # 0 of server elephant RUNNING
t:     162886 job   456 on # 0 of server elephant COMPLETED
t:     163078 job   462 on # 0 of server elephant COMPLETED
t:     163078 job   463 on # 0 of server elephant RUNNING
t:     163726 job   460 on # 0 of server elephant COMPLETED
t:     163726 job   465 on # 0 of server elephant RUNNING
t:     163857 job   463 on # 0 of server elephant COMPLETED
t:     163857 job   466 on # 0 of server elephant RUNNING
t:     164105 job   461 on # 0 of server elephant COMPLETED
t:     164150 job   466 on # 0 of server elephant COMPLETED
t:     164150 job   467 on # 0 of server elephant RUNNING
t:     164150 job   468 on # 0 of server elephant RUNNING
t:     164150 job   469 on # 0 of server elephant RUNNING
t:     164185 job   469 on # 0 of server elephant COMPLETED
t:     164294 job   467 on # 0 of server elephant COMPLETED
t:     164294 job   471 on # 0 of server elephant RUNNING
t:     164496 job   471 on # 0 of server elephant COMPLETED
t:     164496 job   473 on # 0 of server elephant RUNNING
t:     164597 job   468 on # 0 of server elephant COMPLETED
t:     164597 job   474 on # 0 of server elephant RUNNING
t:     164855 job   474 on # 0 of server elephant COMPLETED
t:     164855 job   475 on # 0 of server elephant RUNNING
t:     165381 job   465 on # 0 of server elephant COMPLETED
t:     165874 job   475 on # 0 of server elephant COMPLETED
t:     165874 job   476 on # 0 of server elephant RUNNING
t:     166169 job   476 on # 0 of server elephant COMPLETED
t:     166169 job   479 on # 0 of server elephant RUNNING
t:     166383 job   479 on # 0 of server elephant COMPLETED
t:     166383 job   485 on # 0 of server elephant RUNNING
t:     166556 job   485 on # 0 of server elephant COMPLETED
t:     166556 job   515 on # 0 of server elephant RUNNING
t:     166816 job   515 on # 0 of server elephant COMPLETED
t:     166816 job   567 on # 0 of server elephant RUNNING
t:     167689 job   567 on # 0 of server elephant COMPLETED
t:     167689 job   568 on # 0 of server elephant RUNNING
t:     167689 job   569 on # 0 of server elephant RUNNING
t:     167793 job   569 on # 0 of server elephant COMPLETED
t:     167793 job   570 on # 0 of server elephant RUNNING
t:     168189 job   568 on # 0 of server elephant COMPLETED
t:     168189 job   572 on # 0 of server elephant RUNNING
t:     168806 job   570 on # 0 of server elephant COMPLETED
t:     169767 job   572 on # 0 of server elephant COMPLETED
t:     169767 job   577 on # 0 of server elephant RUNNING
t:     169869 job   577 on # 0 of server elephant COMPLETED
t:     185108 job   988 on # 3 of server elephant COMPLETED
t:     199470 job   473 on # 0 of server elephant COMPLETED
t:     199470 job   578 on # 0 of server elephant RUNNING
t:     199530 job   578 on # 0 of server elephant COMPLETED
t:     199530 job   579 on # 0 of server elephant RUNNING
t:     199530 job   581 on # 0 of server elephant RUNNING
t:     199792 job   581 on # 0 of server elephant COMPLETED
t:     199792 job   583 on # 0 of server elephant RUNNING
t:     199849 job   583 on # 0 of server elephant COMPLETED
t:     199849 job   588 on # 0 of server elephant RUNNING
t:     200058 job   588 on # 0 of server elephant COMPLETED
t:     200058 job   589 on # 0 of server elephant RUNNING
t:     200354 job   579 on # 0 of server elephant COMPLETED
t:     200354 job   590 on # 0 of server elephant RUNNING
t:     200624 job   590 on # 0 of server elephant COMPLETED
t:     200624 job   591 on # 0 of server elephant RUNNING
t:     200684 job   589 on # 0 of server elephant COMPLETED
t:     201733 job   591 on # 0 of server elephant COMPLETED
t:     201733 job   592 on # 0 of server elephant RUNNING
t:     202727 job   592 on # 0 of server elephant COMPLETED
t:     202727 job   594 on # 0 of server elephant RUNNING
t:     202727 job   595 on # 0 of server elephant RUNNING
t:     202778 job   595 on # 0 of server elephant COMPLETED
t:     202778 job   596 on # 0 of server elephant RUNNING
t:     202790 job   596 on # 0 of server elephant COMPLETED
t:     202790 job   599 on # 0 of server elephant RUNNING
t:     202808 job   599 on # 0 of server elephant COMPLETED
t:     202808 job   600 on # 0 of server elephant RUNNING
t:     202808 job   601 on # 0 of server elephant RUNNING
t:     202956 job   600 on # 0 of server elephant COMPLETED
t:     202956 job   602 on # 0 of server elephant RUNNING
t:     203024 job   601 on # 0 of server elephant COMPLETED
t:     203360 job   594 on # 0 of server elephant COMPLETED
t:     203360 job   603 on # 0 of server elephant RUNNING
t:     203360 job   604 on # 0 of server elephant RUNNING
t:     203406 job   602 on # 0 of server elephant COMPLETED
t:     203857 job   603 on # 0 of server elephant COMPLETED
t:     203857 job   606 on # 0 of server elephant RUNNING
t:     203857 job   607 on # 0 of server elephant RUNNING
t:     203980 job   606 on # 0 of server elephant COMPLETED
t:     203980 job   608 on # 0 of server elephant RUNNING
t:     204126 job   607 on # 0 of server elephant COMPLETED
t:     204126 job   615 on # 0 of server elephant RUNNING
t:     204144 job   608 on # 0 of server elephant COMPLETED
t:     204144 job   616 on # 0 of server elephant RUNNING
t:     204259 job   616 on # 0 of server elephant COMPLETED
t:     204259 job   618 on # 0 of server elephant RUNNING
t:     204299 job   618 on # 0 of server elephant COMPLETED
t:     204416 job   615 on # 0 of server elephant COMPLETED
t:     204828 job   604 on # 0 of server elephant COMPLETED
t:     204828 job   619 on # 0 of server elephant RUNNING
t:     204956 job   619 on # 0 of server elephant COMPLETED
t:     204956 job   621 on # 0 of server elephant RUNNING
t:     205612 job   621 on # 0 of server elephant COMPLETED
t:     205612 job   622 on # 0 of server elephant RUNNING
t:     205612 job   623 on # 0 of server elephant RUNNING
t:     205879 job   623 on # 0 of server elephant COMPLETED
t:     205879 job   625 on # 0 of server elephant RUNNING
t:     205940 job   625 on # 0 of server elephant COMPLETED
t:     205940 job   627 on # 0 of server elephant RUNNING
t:     205956 job   627 on # 0 of server elephant COMPLETED
t:     207221 job   622 on # 0 of server elephant COMPLETED
t:     207221 job   628 on # 0 of server elephant RUNNING
t:     207221 job   630 on # 0 of server elephant RUNNING
t:     207307 job   628 on # 0 of server elephant COMPLETED
t:     207307 job   632 on # 0 of server elephant RUNNING
t:     207465 job   630 on # 0 of server elephant COMPLETED
t:     207465 job   635 on # 0 of server elephant RUNNING
t:     207509 job   635 on # 0 of server elephant COMPLETED
t:     207589 job   632 on # 0 of server elephant COMPLETED
t:     207589 job   641 on # 0 of server elephant RUNNING
t:     207621 job   641 on # 0 of server elephant COMPLETED
t:     207621 job   642 on # 0 of server elephant RUNNING
t:     207733 job   642 on # 0 of server elephant COMPLETED
t:     207733 job   644 on # 0 of server elephant RUNNING
t:     209380 job   644 on # 0 of server elephant COMPLETED
t:     209380 job   645 on # 0 of server elephant RUNNING
t:     209543 job   645 on # 0 of server elephant COMPLETED
t:     209543 job   648 on # 0 of server elephant RUNNING
t:     209591 job   648 on # 0 of server elephant COMPLETED
t:     209591 job   649 on # 0 of server elephant RUNNING
t:     209749 job   649 on # 0 of server elephant COMPLETED
t:     209749 job   651 on # 0 of server elephant RUNNING
t:     209749 job   654 on # 0 of server elephant RUNNING
t:     209749 job   655 on # 0 of server elephant RUNNING
t:     209912 job   654 on # 0 of server elephant COMPLETED
t:     210060 job   655 on # 0 of server elephant COMPLETED
t:     210060 job   657 on # 0 of server elephant RUNNING
t:     210118 job   651 on # 0 of server elephant COMPLETED
t:     210149 job   657 on # 0 of server elephant COMPLETED
t:     210149 job   658 on # 0 of server elephant RUNNING
t:     210149 job   659 on # 0 of server elephant RUNNING
t:     210149 job   667 on # 0 of server elephant RUNNING
t:     210234 job   659 on # 0 of server elephant COMPLETED
t:     210279 job   667 on # 0 of server elephant COMPLETED
t:     210279 job   712 on # 0 of server elephant RUNNING
t:     210666 job   658 on # 0 of server elephant COMPLETED
t:     210666 job   770 on # 0 of server elephant RUNNING
t:     210860 job   770 on # 0 of server elephant COMPLETED
t:     210860 job   780 on # 0 of server elephant RUNNING
t:     211145 job   780 on # 0 of server elephant COMPLETED
t:     211145 job   781 on # 0 of server elephant RUNNING
t:     211925 job   781 on # 0 of server elephant COMPLETED
t:     211925 job   783 on # 0 of server elephant RUNNING
t:     212148 job   783 on # 0 of server elephant COMPLETED
t:     212148 job   786 on # 0 of server elephant RUNNING
t:     212833 job   786 on # 0 of server elephant COMPLETED
t:     212833 job   787 on # 0 of server elephant RUNNING
t:     213142 job   787 on # 0 of server elephant COMPLETED
t:     213142 job   789 on # 0 of server elephant RUNNING
t:     213142 job   793 on # 0 of server elephant RUNNING
t:     213190 job   789 on # 0 of server elephant COMPLETED
t:     213190 job   797 on # 0 of server elephant RUNNING
t:     213222 job   793 on # 0 of server elephant COMPLETED
t:     213436 job   797 on # 0 of server elephant COMPLETED
t:     213436 job   799 on # 0 of server elephant RUNNING
t:     213436 job   800 on # 0 of server elephant RUNNING
t:     213456 job   800 on # 0 of server elephant COMPLETED
t:     213456 job   801 on # 0 of server elephant RUNNING
t:     213791 job   801 on # 0 of server elephant COMPLETED
t:     214277 job   799 on # 0 of server elephant COMPLETED
t:     214277 job   803 on # 0 of server elephant RUNNING
t:     214277 job   805 on # 0 of server elephant RUNNING
t:     215485 job   805 on # 0 of server elephant COMPLETED
t:     215485 job   808 on # 0 of server elephant RUNNING
t:     215555 job   808 on # 0 of server elephant COMPLETED
t:     215755 job   803 on # 0 of server elephant COMPLETED
t:     215755 job   809 on # 0 of server elephant RUNNING
t:     216674 job   809 on # 0 of server elephant COMPLETED
t:     216674 job   811 on # 0 of server elephant RUNNING
t:     216674 job   816 on # 0 of server elephant RUNNING
t:     216948 job   816 on # 0 of server elephant COMPLETED
t:     217737 job   811 on # 0 of server elephant COMPLETED
t:     217737 job   822 on # 0 of server elephant RUNNING
t:     217825 job   822 on # 0 of server elephant COMPLETED
t:     217825 job   823 on # 0 of server elephant RUNNING
t:     218078 job   823 on # 0 of server elephant COMPLETED
t:     220038 job   712 on # 0 of server elephant COMPLETED
t:     220038 job   828 on # 0 of server elephant RUNNING
t:     220094 job   828 on # 0 of server elephant COMPLETED
t:     220094 job   829 on # 0 of server elephant RUNNING
t:     220291 job   829 on # 0 of server elephant COMPLETED
t:     220291 job   830 on # 0 of server elephant RUNNING
t:     220454 job   830 on # 0 of server elephant COMPLETED
t:     220454 job   834 on # 0 of server elephant RUNNING
t:     220454 job   839 on # 0 of server elephant RUNNING
t:     220454 job   841 on # 0 of server elephant RUNNING
t:     220562 job   839 on # 0 of server elephant COMPLETED
t:     220676 job   841 on # 0 of server elephant COMPLETED
t:     220676 job   845 on # 0 of server elephant RUNNING
t:     220695 job   834 on # 0 of server elephant COMPLETED
t:     220695 job   847 on # 0 of server elephant RUNNING
t:     220858 job   847 on # 0 of server elephant COMPLETED
t:     221553 job   845 on # 0 of server elephant COMPLETED
t:     221553 job   848 on # 0 of server elephant RUNNING
t:     222374 job   848 on # 0 of server elephant COMPLETED
t:     222374 job   851 on # 0 of server elephant RUNNING
t:     224052 job   851 on # 0 of server elephant COMPLETED
t:     224052 job   852 on # 0 of server elephant RUNNING
t:     224269 job   852 on # 0 of server elephant COMPLETED
t:     224269 job   855 on # 0 of server elephant RUNNING
t:     224354 job   855 on # 0 of server elephant COMPLETED
t:     224354 job   856 on # 0 of server elephant RUNNING
t:     225673 job   856 on # 0 of server elephant COMPLETED
t:     225673 job   857 on # 0 of server elephant RUNNING
t:     225673 job   858 on # 0 of server elephant RUNNING
t:     225673 job   859 on # 0 of server elephant RUNNING
t:     225696 job   859 on # 0 of server elephant COMPLETED
t:     225739 job   857 on # 0 of server elephant COMPLETED
t:     225739 job   860 on # 0 of server elephant RUNNING
t:     225846 job   860 on # 0 of server elephant COMPLETED
t:     225846 job   863 on # 0 of server elephant RUNNING
t:     225846 job   864 on # 0 of server elephant RUNNING
t:     225895 job   858 on # 0 of server elephant COMPLETED
t:     225895 job   867 on # 0 of server elephant RUNNING
t:     225912 job   864 on # 0 of server elephant COMPLETED
t:     226024 job   863 on # 0 of server elephant COMPLETED
t:     226024 job   868 on # 0 of server elephant RUNNING
t:     226067 job   867 on # 0 of server elephant COMPLETED
t:     226627 job   868 on # 0 of server elephant COMPLETED
t:     226627 job   869 on # 0 of server elephant RUNNING
t:     226627 job   870 on # 0 of server elephant RUNNING
t:     226714 job   870 on # 0 of server elephant COMPLETED
t:     228218 job   869 on # 0 of server elephant COMPLETED
t:     228218 job   872 on # 0 of server elephant RUNNING
t:     229574 job   872 on # 0 of server elephant COMPLETED
t:     229574 job   878 on # 0 of server elephant RUNNING
t:     231149 job   878 on # 0 of server elephant COMPLETED
t:     231149 job   910 on # 0 of server elephant RUNNING
t:     232327 job   910 on # 0 of server elephant COMPLETED
t:     232327 job   917 on # 0 of server elephant RUNNING
t:     232343 job   917 on # 0 of server elephant COMPLETED
t:     232343 job   920 on # 0 of server elephant RUNNING
t:     232912 job   920 on # 0 of server elephant COMPLETED
t:     232912 job   922 on # 0 of server elephant RUNNING
t:     232912 job   925 on # 0 of server elephant RUNNING
t:     233187 job   922 on # 0 of server elephant COMPLETED
t:     233187 job   926 on # 0 of server elephant RUNNING
t:     233990 job   926 on # 0 of server elephant COMPLETED
t:     233990 job   927 on # 0 of server elephant RUNNING
t:     234560 job   925 on # 0 of server elephant COMPLETED
t:     234560 job   928 on # 0 of server elephant RUNNING
t:     234778 job   928 on # 0 of server elephant COMPLETED
t:     234934 job   927 on # 0 of server elephant COMPLETED
t:     234934 job   930 on # 0 of server elephant RUNNING
t:     235521 job   930 on # 0 of server elephant COMPLETED
t:     235521 job   931 on # 0 of server elephant RUNNING
t:     235521 job   932 on # 0 of server elephant RUNNING
t:     235714 job   932 on # 0 of server elephant COMPLETED
t:     235742 job   931 on # 0 of server elephant COMPLETED
t:     235742 job   934 on # 0 of server elephant RUNNING
t:     236421 job   934 on # 0 of server elephant COMPLETED
t:     236421 job   935 on # 0 of server elephant RUNNING
t:     237803 job   935 on # 0 of server elephant COMPLETED
t:     237803 job   936 on # 0 of server elephant RUNNING
t:     237803 job   937 on # 0 of server elephant RUNNING
t:     238087 job   937 on # 0 of server elephant COMPLETED
t:     238087 job   938 on # 0 of server elephant RUNNING
t:     238299 job   938 on # 0 of server elephant COMPLETED
t:     239357 job   936 on # 0 of server elephant COMPLETED
t:     239357 job   941 on # 0 of server elephant RUNNING
t:     239503 job   941 on # 0 of server elephant COMPLETED
t:     239503 job   946 on # 0 of server elephant RUNNING
t:     240400 job   946 on # 0 of server elephant COMPLETED
SENT QUIT
# ---------------------------------------------------------------------------
# 5 elephant servers used with a utilisation of 52.60 at the cost of $1066.91
# 12 ant servers used with a utilisation of 6.75 at the cost of $40.02
# 11 dunkey servers used with a utilisation of 5.14 at the cost of $257.47
# =============================== [ Overall ] ===============================
# actual simulation end time: 240400
# total #servers used: 28, avg utilisation: 14.30 and total cost: $1364.40
# avg waiting time: 25969, avg exec time: 1428 and avg turnaround time: 27398
