>>>>>>>>>>>>>>>>>>>>>>>>>>FF<<<<<<<<<<<<<<<<<<<<<<<<<<<<<<<<<<<

t:     100304 job  1677 on # 0 of server ant COMPLETED
t:     100345 job  1676 on # 0 of server dunkey COMPLETED
t:     100416 job  1673 on # 0 of server dunkey COMPLETED
t:     101017 job   728 on # 0 of server elephant COMPLETED
t:     101017 job   735 on # 0 of server elephant RUNNING
t:     101049 job  1675 on # 1 of server elephant COMPLETED
t:     101292 job  1679 on # 1 of server ant COMPLETED
t:     101483 job   735 on # 0 of server elephant COMPLETED
t:     101483 job   741 on # 0 of server elephant RUNNING
t:     101488 job  1678 on # 0 of server dunkey COMPLETED
t:     103246 job   741 on # 0 of server elephant COMPLETED
t:     103246 job   742 on # 0 of server elephant RUNNING
t:     104747 job   742 on # 0 of server elephant COMPLETED
t:     104747 job   748 on # 0 of server elephant RUNNING
t:     105136 job   748 on # 0 of server elephant COMPLETED
t:     105136 job   751 on # 0 of server elephant RUNNING
t:     105234 job   751 on # 0 of server elephant COMPLETED
t:     105234 job   754 on # 0 of server elephant RUNNING
t:     105925 job   754 on # 0 of server elephant COMPLETED
t:     105925 job   760 on # 0 of server elephant RUNNING
t:     107272 job   760 on # 0 of server elephant COMPLETED
t:     107272 job   761 on # 0 of server elephant RUNNING
t:     107684 job   761 on # 0 of server elephant COMPLETED
t:     107684 job   763 on # 0 of server elephant RUNNING
t:     109128 job   763 on # 0 of server elephant COMPLETED
t:     109128 job   775 on # 0 of server elephant RUNNING
t:     110766 job   775 on # 0 of server elephant COMPLETED
t:     110766 job   777 on # 0 of server elephant RUNNING
t:     111694 job   777 on # 0 of server elephant COMPLETED
t:     111694 job   785 on # 0 of server elephant RUNNING
t:     112948 job   785 on # 0 of server elephant COMPLETED
t:     112948 job   797 on # 0 of server elephant RUNNING
t:     113163 job   797 on # 0 of server elephant COMPLETED
t:     113163 job   799 on # 0 of server elephant RUNNING
t:     113244 job   799 on # 0 of server elephant COMPLETED
t:     113244 job   800 on # 0 of server elephant RUNNING
t:     113244 job   805 on # 0 of server elephant RUNNING
t:     113244 job   807 on # 0 of server elephant RUNNING
t:     113370 job   800 on # 0 of server elephant COMPLETED
t:     113796 job   807 on # 0 of server elephant COMPLETED
t:     114132 job   805 on # 0 of server elephant COMPLETED
t:     114132 job   809 on # 0 of server elephant RUNNING
t:     114806 job   809 on # 0 of server elephant COMPLETED
t:     114806 job   810 on # 0 of server elephant RUNNING
t:     114824 job   810 on # 0 of server elephant COMPLETED
t:     114824 job   812 on # 0 of server elephant RUNNING
t:     114824 job   827 on # 0 of server elephant RUNNING
t:     114850 job   827 on # 0 of server elephant COMPLETED
t:     115426 job   812 on # 0 of server elephant COMPLETED
t:     115426 job   830 on # 0 of server elephant RUNNING
t:     115712 job   830 on # 0 of server elephant COMPLETED
t:     115712 job   832 on # 0 of server elephant RUNNING
t:     115972 job   832 on # 0 of server elephant COMPLETED
t:     115972 job   839 on # 0 of server elephant RUNNING
t:     116212 job   839 on # 0 of server elephant COMPLETED
t:     116212 job   842 on # 0 of server elephant RUNNING
t:     116617 job   842 on # 0 of server elephant COMPLETED
t:     116617 job   843 on # 0 of server elephant RUNNING
t:     116749 job   843 on # 0 of server elephant COMPLETED
t:     116749 job   844 on # 0 of server elephant RUNNING
t:     117003 job   844 on # 0 of server elephant COMPLETED
t:     117003 job   845 on # 0 of server elephant RUNNING
t:     117003 job   846 on # 0 of server elephant RUNNING
t:     117166 job   845 on # 0 of server elephant COMPLETED
t:     117869 job   846 on # 0 of server elephant COMPLETED
t:     117869 job   851 on # 0 of server elephant RUNNING
t:     118590 job   851 on # 0 of server elephant COMPLETED
t:     118590 job   857 on # 0 of server elephant RUNNING
t:     119371 job   857 on # 0 of server elephant COMPLETED
t:     119371 job   861 on # 0 of server elephant RUNNING
t:     121016 job   861 on # 0 of server elephant COMPLETED
t:     121016 job   863 on # 0 of server elephant RUNNING
t:     121720 job   863 on # 0 of server elephant COMPLETED
t:     121720 job   866 on # 0 of server elephant RUNNING
t:     121903 job   866 on # 0 of server elephant COMPLETED
t:     121903 job   876 on # 0 of server elephant RUNNING
t:     121976 job   876 on # 0 of server elephant COMPLETED
t:     121976 job   878 on # 0 of server elephant RUNNING
t:     122365 job   878 on # 0 of server elephant COMPLETED
t:     122365 job   879 on # 0 of server elephant RUNNING
t:     122365 job   881 on # 0 of server elephant RUNNING
t:     122365 job   883 on # 0 of server elephant RUNNING
t:     122431 job   879 on # 0 of server elephant COMPLETED
t:     122431 job   884 on # 0 of server elephant RUNNING
t:     122602 job   884 on # 0 of server elephant COMPLETED
t:     122602 job   889 on # 0 of server elephant RUNNING
t:     122602 job   892 on # 0 of server elephant RUNNING
t:     122726 job   892 on # 0 of server elephant COMPLETED
t:     123932 job   883 on # 0 of server elephant COMPLETED
t:     124072 job   881 on # 0 of server elephant COMPLETED
t:     124080 job   889 on # 0 of server elephant COMPLETED
t:     124080 job   893 on # 0 of server elephant RUNNING
t:     125623 job   893 on # 0 of server elephant COMPLETED
t:     125623 job   901 on # 0 of server elephant RUNNING
t:     127010 job   901 on # 0 of server elephant COMPLETED
t:     127010 job   902 on # 0 of server elephant RUNNING
t:     127981 job   902 on # 0 of server elephant COMPLETED
t:     127981 job   925 on # 0 of server elephant RUNNING
t:     129595 job   925 on # 0 of server elephant COMPLETED
t:     129595 job   928 on # 0 of server elephant RUNNING
t:     129595 job   930 on # 0 of server elephant RUNNING
t:     129958 job   930 on # 0 of server elephant COMPLETED
t:     131060 job   928 on # 0 of server elephant COMPLETED
t:     131060 job   934 on # 0 of server elephant RUNNING
t:     132402 job   934 on # 0 of server elephant COMPLETED
t:     132402 job   937 on # 0 of server elephant RUNNING
t:     132402 job   938 on # 0 of server elephant RUNNING
t:     132603 job   938 on # 0 of server elephant COMPLETED
t:     132603 job   940 on # 0 of server elephant RUNNING
t:     133076 job   937 on # 0 of server elephant COMPLETED
t:     133414 job   940 on # 0 of server elephant COMPLETED
t:     133414 job   943 on # 0 of server elephant RUNNING
t:     133879 job   943 on # 0 of server elephant COMPLETED
t:     133879 job   958 on # 0 of server elephant RUNNING
t:     134603 job   958 on # 0 of server elephant COMPLETED
t:     134603 job   981 on # 0 of server elephant RUNNING
t:     136269 job   981 on # 0 of server elephant COMPLETED
t:     136269 job   982 on # 0 of server elephant RUNNING
t:     136350 job   982 on # 0 of server elephant COMPLETED
t:     136350 job   985 on # 0 of server elephant RUNNING
t:     137976 job   985 on # 0 of server elephant COMPLETED
t:     137976 job   989 on # 0 of server elephant RUNNING
t:     139572 job   989 on # 0 of server elephant COMPLETED
t:     139572 job   992 on # 0 of server elephant RUNNING
t:     139912 job   992 on # 0 of server elephant COMPLETED
t:     139912 job   998 on # 0 of server elephant RUNNING
t:     141112 job   998 on # 0 of server elephant COMPLETED
t:     141112 job  1000 on # 0 of server elephant RUNNING
t:     141112 job  1001 on # 0 of server elephant RUNNING
t:     141112 job  1007 on # 0 of server elephant RUNNING
t:     142251 job  1007 on # 0 of server elephant COMPLETED
t:     142251 job  1008 on # 0 of server elephant RUNNING
t:     142311 job  1008 on # 0 of server elephant COMPLETED
t:     142413 job  1000 on # 0 of server elephant COMPLETED
t:     142441 job  1001 on # 0 of server elephant COMPLETED
t:     142441 job  1033 on # 0 of server elephant RUNNING
t:     143164 job  1033 on # 0 of server elephant COMPLETED
t:     143164 job  1034 on # 0 of server elephant RUNNING
t:     143963 job  1034 on # 0 of server elephant COMPLETED
t:     143963 job  1035 on # 0 of server elephant RUNNING
t:     145458 job  1035 on # 0 of server elephant COMPLETED
t:     145458 job  1039 on # 0 of server elephant RUNNING
t:     145458 job  1047 on # 0 of server elephant RUNNING
t:     145624 job  1047 on # 0 of server elephant COMPLETED
t:     145624 job  1048 on # 0 of server elephant RUNNING
t:     145677 job  1048 on # 0 of server elephant COMPLETED
t:     145677 job  1049 on # 0 of server elephant RUNNING
t:     145928 job  1049 on # 0 of server elephant COMPLETED
t:     146669 job  1039 on # 0 of server elephant COMPLETED
t:     146669 job  1053 on # 0 of server elephant RUNNING
t:     148415 job  1053 on # 0 of server elephant COMPLETED
t:     148415 job  1060 on # 0 of server elephant RUNNING
t:     149925 job  1060 on # 0 of server elephant COMPLETED
t:     149925 job  1061 on # 0 of server elephant RUNNING
t:     151484 job  1061 on # 0 of server elephant COMPLETED
t:     151484 job  1068 on # 0 of server elephant RUNNING
t:     151993 job  1068 on # 0 of server elephant COMPLETED
t:     151993 job  1079 on # 0 of server elephant RUNNING
t:     152662 job  1079 on # 0 of server elephant COMPLETED
t:     152662 job  1085 on # 0 of server elephant RUNNING
t:     152846 job  1085 on # 0 of server elephant COMPLETED
t:     152846 job  1088 on # 0 of server elephant RUNNING
t:     152846 job  1089 on # 0 of server elephant RUNNING
t:     153611 job  1088 on # 0 of server elephant COMPLETED
t:     153611 job  1092 on # 0 of server elephant RUNNING
t:     154168 job  1089 on # 0 of server elephant COMPLETED
t:     154168 job  1093 on # 0 of server elephant RUNNING
t:     154632 job  1092 on # 0 of server elephant COMPLETED
t:     154632 job  1095 on # 0 of server elephant RUNNING
t:     154690 job  1093 on # 0 of server elephant COMPLETED
t:     155158 job  1095 on # 0 of server elephant COMPLETED
t:     155158 job  1100 on # 0 of server elephant RUNNING
t:     155864 job  1100 on # 0 of server elephant COMPLETED
t:     155864 job  1106 on # 0 of server elephant RUNNING
t:     156344 job  1106 on # 0 of server elephant COMPLETED
t:     156344 job  1113 on # 0 of server elephant RUNNING
t:     157547 job  1113 on # 0 of server elephant COMPLETED
t:     157547 job  1114 on # 0 of server elephant RUNNING
t:     157730 job  1114 on # 0 of server elephant COMPLETED
t:     157730 job  1117 on # 0 of server elephant RUNNING
t:     159276 job  1117 on # 0 of server elephant COMPLETED
t:     159276 job  1118 on # 0 of server elephant RUNNING
t:     160472 job  1118 on # 0 of server elephant COMPLETED
t:     160472 job  1126 on # 0 of server elephant RUNNING
t:     161647 job  1126 on # 0 of server elephant COMPLETED
t:     161647 job  1136 on # 0 of server elephant RUNNING
t:     161647 job  1150 on # 0 of server elephant RUNNING
t:     161647 job  1151 on # 0 of server elephant RUNNING
t:     161732 job  1151 on # 0 of server elephant COMPLETED
t:     162058 job  1150 on # 0 of server elephant COMPLETED
t:     163337 job  1136 on # 0 of server elephant COMPLETED
t:     163337 job  1156 on # 0 of server elephant RUNNING
t:     165058 job  1156 on # 0 of server elephant COMPLETED
t:     165058 job  1157 on # 0 of server elephant RUNNING
t:     166574 job  1157 on # 0 of server elephant COMPLETED
t:     166574 job  1158 on # 0 of server elephant RUNNING
t:     166614 job  1158 on # 0 of server elephant COMPLETED
t:     166614 job  1160 on # 0 of server elephant RUNNING
t:     167924 job  1160 on # 0 of server elephant COMPLETED
t:     167924 job  1168 on # 0 of server elephant RUNNING
t:     167924 job  1169 on # 0 of server elephant RUNNING
t:     167924 job  1172 on # 0 of server elephant RUNNING
t:     168072 job  1169 on # 0 of server elephant COMPLETED
t:     168072 job  1173 on # 0 of server elephant RUNNING
t:     168525 job  1173 on # 0 of server elephant COMPLETED
t:     169035 job  1168 on # 0 of server elephant COMPLETED
t:     169035 job  1183 on # 0 of server elephant RUNNING
t:     169098 job  1172 on # 0 of server elephant COMPLETED
t:     169098 job  1190 on # 0 of server elephant RUNNING
t:     169123 job  1190 on # 0 of server elephant COMPLETED
t:     169123 job  1191 on # 0 of server elephant RUNNING
t:     169123 job  1196 on # 0 of server elephant RUNNING
t:     169233 job  1183 on # 0 of server elephant COMPLETED
t:     169233 job  1197 on # 0 of server elephant RUNNING
t:     169351 job  1191 on # 0 of server elephant COMPLETED
t:     169351 job  1198 on # 0 of server elephant RUNNING
t:     170455 job  1196 on # 0 of server elephant COMPLETED
t:     170692 job  1198 on # 0 of server elephant COMPLETED
t:     170692 job  1199 on # 0 of server elephant RUNNING
t:     170732 job  1197 on # 0 of server elephant COMPLETED
t:     170732 job  1200 on # 0 of server elephant RUNNING
t:     170901 job  1199 on # 0 of server elephant COMPLETED
t:     170901 job  1201 on # 0 of server elephant RUNNING
t:     171398 job  1201 on # 0 of server elephant COMPLETED
t:     171789 job  1200 on # 0 of server elephant COMPLETED
t:     171789 job  1221 on # 0 of server elephant RUNNING
t:     172326 job  1221 on # 0 of server elephant COMPLETED
t:     172326 job  1240 on # 0 of server elephant RUNNING
t:     174101 job  1240 on # 0 of server elephant COMPLETED
t:     174101 job  1249 on # 0 of server elephant RUNNING
t:     174367 job  1249 on # 0 of server elephant COMPLETED
t:     174367 job  1254 on # 0 of server elephant RUNNING
t:     174367 job  1264 on # 0 of server elephant RUNNING
t:     174716 job  1264 on # 0 of server elephant COMPLETED
t:     175234 job  1254 on # 0 of server elephant COMPLETED
t:     175234 job  1265 on # 0 of server elephant RUNNING
t:     175353 job  1265 on # 0 of server elephant COMPLETED
t:     175353 job  1267 on # 0 of server elephant RUNNING
t:     175623 job  1267 on # 0 of server elephant COMPLETED
t:     175623 job  1270 on # 0 of server elephant RUNNING
t:     177030 job  1270 on # 0 of server elephant COMPLETED
t:     177030 job  1272 on # 0 of server elephant RUNNING
t:     178355 job  1272 on # 0 of server elephant COMPLETED
t:     178355 job  1294 on # 0 of server elephant RUNNING
t:     178644 job  1294 on # 0 of server elephant COMPLETED
t:     178644 job  1299 on # 0 of server elephant RUNNING
t:     178644 job  1300 on # 0 of server elephant RUNNING
t:     179415 job  1300 on # 0 of server elephant COMPLETED
t:     179415 job  1308 on # 0 of server elephant RUNNING
t:     179415 job  1313 on # 0 of server elephant RUNNING
t:     179425 job  1299 on # 0 of server elephant COMPLETED
t:     180497 job  1313 on # 0 of server elephant COMPLETED
t:     180497 job  1317 on # 0 of server elephant RUNNING
t:     180527 job  1317 on # 0 of server elephant COMPLETED
t:     180527 job  1320 on # 0 of server elephant RUNNING
t:     180527 job  1326 on # 0 of server elephant RUNNING
t:     180527 job  1336 on # 0 of server elephant RUNNING
t:     180559 job  1326 on # 0 of server elephant COMPLETED
t:     180559 job  1339 on # 0 of server elephant RUNNING
t:     180736 job  1320 on # 0 of server elephant COMPLETED
t:     180736 job  1340 on # 0 of server elephant RUNNING
t:     180933 job  1308 on # 0 of server elephant COMPLETED
t:     181174 job  1336 on # 0 of server elephant COMPLETED
t:     181174 job  1341 on # 0 of server elephant RUNNING
t:     181265 job  1341 on # 0 of server elephant COMPLETED
t:     181265 job  1343 on # 0 of server elephant RUNNING
t:     181557 job  1340 on # 0 of server elephant COMPLETED
t:     181557 job  1345 on # 0 of server elephant RUNNING
t:     181573 job  1339 on # 0 of server elephant COMPLETED
t:     181588 job  1343 on # 0 of server elephant COMPLETED
t:     181588 job  1346 on # 0 of server elephant RUNNING
t:     181588 job  1352 on # 0 of server elephant RUNNING
t:     181687 job  1345 on # 0 of server elephant COMPLETED
t:     181687 job  1356 on # 0 of server elephant RUNNING
t:     182621 job  1346 on # 0 of server elephant COMPLETED
t:     182621 job  1357 on # 0 of server elephant RUNNING
t:     182621 job  1360 on # 0 of server elephant RUNNING
t:     182621 job  1364 on # 0 of server elephant RUNNING
t:     182732 job  1352 on # 0 of server elephant COMPLETED
t:     182796 job  1357 on # 0 of server elephant COMPLETED
t:     182841 job  1356 on # 0 of server elephant COMPLETED
t:     183184 job  1364 on # 0 of server elephant COMPLETED
t:     183184 job  1366 on # 0 of server elephant RUNNING
t:     183184 job  1396 on # 0 of server elephant RUNNING
t:     183282 job  1360 on # 0 of server elephant COMPLETED
t:     184578 job  1366 on # 0 of server elephant COMPLETED
t:     184578 job  1406 on # 0 of server elephant RUNNING
t:     184595 job  1396 on # 0 of server elephant COMPLETED
t:     184595 job  1413 on # 0 of server elephant RUNNING
t:     184802 job  1413 on # 0 of server elephant COMPLETED
t:     184802 job  1422 on # 0 of server elephant RUNNING
t:     185201 job  1406 on # 0 of server elephant COMPLETED
t:     185982 job  1422 on # 0 of server elephant COMPLETED
t:     185982 job  1423 on # 0 of server elephant RUNNING
t:     186746 job  1423 on # 0 of server elephant COMPLETED
t:     186746 job  1424 on # 0 of server elephant RUNNING
t:     186746 job  1429 on # 0 of server elephant RUNNING
t:     186746 job  1438 on # 0 of server elephant RUNNING
t:     187566 job  1438 on # 0 of server elephant COMPLETED
t:     187566 job  1442 on # 0 of server elephant RUNNING
t:     187566 job  1453 on # 0 of server elephant RUNNING
t:     187744 job  1424 on # 0 of server elephant COMPLETED
t:     187744 job  1468 on # 0 of server elephant RUNNING
t:     187860 job  1429 on # 0 of server elephant COMPLETED
t:     187860 job  1472 on # 0 of server elephant RUNNING
t:     187860 job  1512 on # 0 of server elephant RUNNING
t:     187897 job  1468 on # 0 of server elephant COMPLETED
t:     187897 job  1560 on # 0 of server elephant RUNNING
t:     187982 job  1453 on # 0 of server elephant COMPLETED
t:     187982 job  1566 on # 0 of server elephant RUNNING
t:     188133 job  1472 on # 0 of server elephant COMPLETED
t:     188327 job  1442 on # 0 of server elephant COMPLETED
t:     188407 job  1560 on # 0 of server elephant COMPLETED
t:     188583 job  1566 on # 0 of server elephant COMPLETED
t:     189104 job  1512 on # 0 of server elephant COMPLETED
SENT QUIT
# ---------------------------------------------------------------------------
# 5 elephant servers used with a utilisation of 46.74 at the cost of $801.59
# 13 ant servers used with a utilisation of 13.69 at the cost of $32.02
# 10 dunkey servers used with a utilisation of 14.39 at the cost of $180.01
# =============================== [ Overall ] ===============================
# actual simulation end time: 189104
# total #servers used: 28, avg utilisation: 19.84 and total cost: $1013.62
# avg waiting time: 9333, avg exec time: 763 and avg turnaround time: 10097



>>>>>>>>>>>>>>>>>>>>>>>>>>BF<<<<<<<<<<<<<<<<<<<<<<<<<<<<<<<<<<<

t:     100304 job  1677 on # 0 of server ant COMPLETED
t:     100345 job  1676 on # 0 of server dunkey COMPLETED
t:     100416 job  1673 on # 1 of server elephant COMPLETED
t:     100758 job   740 on # 0 of server elephant COMPLETED
t:     100758 job   742 on # 0 of server elephant RUNNING
t:     101049 job  1675 on # 1 of server elephant COMPLETED
t:     101292 job  1679 on # 1 of server ant COMPLETED
t:     101488 job  1678 on # 0 of server dunkey COMPLETED
t:     102259 job   742 on # 0 of server elephant COMPLETED
t:     102259 job   743 on # 0 of server elephant RUNNING
t:     102259 job   748 on # 0 of server elephant RUNNING
t:     102648 job   748 on # 0 of server elephant COMPLETED
t:     102648 job   754 on # 0 of server elephant RUNNING
t:     103339 job   754 on # 0 of server elephant COMPLETED
t:     103339 job   760 on # 0 of server elephant RUNNING
t:     103445 job   743 on # 0 of server elephant COMPLETED
t:     104686 job   760 on # 0 of server elephant COMPLETED
t:     104686 job   763 on # 0 of server elephant RUNNING
t:     104686 job   765 on # 0 of server elephant RUNNING
t:     104686 job   767 on # 0 of server elephant RUNNING
t:     104902 job   767 on # 0 of server elephant COMPLETED
t:     104921 job   765 on # 0 of server elephant COMPLETED
t:     106130 job   763 on # 0 of server elephant COMPLETED
t:     106130 job   774 on # 0 of server elephant RUNNING
t:     106979 job   774 on # 0 of server elephant COMPLETED
t:     106979 job   777 on # 0 of server elephant RUNNING
t:     106979 job   780 on # 0 of server elephant RUNNING
t:     107777 job   780 on # 0 of server elephant COMPLETED
t:     107907 job   777 on # 0 of server elephant COMPLETED
t:     107907 job   781 on # 0 of server elephant RUNNING
t:     107976 job   781 on # 0 of server elephant COMPLETED
t:     107976 job   785 on # 0 of server elephant RUNNING
t:     109230 job   785 on # 0 of server elephant COMPLETED
t:     109230 job   794 on # 0 of server elephant RUNNING
t:     109230 job   795 on # 0 of server elephant RUNNING
t:     109230 job   796 on # 0 of server elephant RUNNING
t:     109355 job   796 on # 0 of server elephant COMPLETED
t:     109355 job   797 on # 0 of server elephant RUNNING
t:     109441 job   794 on # 0 of server elephant COMPLETED
t:     109441 job   800 on # 0 of server elephant RUNNING
t:     109441 job   802 on # 0 of server elephant RUNNING
t:     109567 job   800 on # 0 of server elephant COMPLETED
t:     109570 job   797 on # 0 of server elephant COMPLETED
t:     109570 job   804 on # 0 of server elephant RUNNING
t:     109609 job   795 on # 0 of server elephant COMPLETED
t:     110398 job   802 on # 0 of server elephant COMPLETED
t:     110398 job   807 on # 0 of server elephant RUNNING
t:     110950 job   807 on # 0 of server elephant COMPLETED
t:     111127 job   804 on # 0 of server elephant COMPLETED
t:     111127 job   809 on # 0 of server elephant RUNNING
t:     111801 job   809 on # 0 of server elephant COMPLETED
t:     111801 job   810 on # 0 of server elephant RUNNING
t:     111819 job   810 on # 0 of server elephant COMPLETED
t:     111819 job   812 on # 0 of server elephant RUNNING
t:     111819 job   814 on # 0 of server elephant RUNNING
t:     111819 job   818 on # 0 of server elephant RUNNING
t:     112421 job   812 on # 0 of server elephant COMPLETED
t:     112421 job   826 on # 0 of server elephant RUNNING
t:     112712 job   818 on # 0 of server elephant COMPLETED
t:     112860 job   814 on # 0 of server elephant COMPLETED
t:     113653 job   826 on # 0 of server elephant COMPLETED
t:     113653 job   832 on # 0 of server elephant RUNNING
t:     113913 job   832 on # 0 of server elephant COMPLETED
t:     113913 job   838 on # 0 of server elephant RUNNING
t:     115618 job   838 on # 0 of server elephant COMPLETED
t:     115618 job   839 on # 0 of server elephant RUNNING
t:     115858 job   839 on # 0 of server elephant COMPLETED
t:     115858 job   842 on # 0 of server elephant RUNNING
t:     116263 job   842 on # 0 of server elephant COMPLETED
t:     116263 job   843 on # 0 of server elephant RUNNING
t:     116263 job   846 on # 0 of server elephant RUNNING
t:     116395 job   843 on # 0 of server elephant COMPLETED
t:     116395 job   857 on # 0 of server elephant RUNNING
t:     117129 job   846 on # 0 of server elephant COMPLETED
t:     117176 job   857 on # 0 of server elephant COMPLETED
t:     117176 job   861 on # 0 of server elephant RUNNING
t:     118821 job   861 on # 0 of server elephant COMPLETED
t:     118821 job   874 on # 0 of server elephant RUNNING
t:     118821 job   875 on # 0 of server elephant RUNNING
t:     119212 job   874 on # 0 of server elephant COMPLETED
t:     119988 job   875 on # 0 of server elephant COMPLETED
t:     119988 job   876 on # 0 of server elephant RUNNING
t:     120061 job   876 on # 0 of server elephant COMPLETED
t:     120061 job   878 on # 0 of server elephant RUNNING
t:     120450 job   878 on # 0 of server elephant COMPLETED
t:     120450 job   882 on # 0 of server elephant RUNNING
t:     120450 job   883 on # 0 of server elephant RUNNING
t:     120813 job   882 on # 0 of server elephant COMPLETED
t:     120813 job   884 on # 0 of server elephant RUNNING
t:     120813 job   889 on # 0 of server elephant RUNNING
t:     120984 job   884 on # 0 of server elephant COMPLETED
t:     122017 job   883 on # 0 of server elephant COMPLETED
t:     122017 job   890 on # 0 of server elephant RUNNING
t:     122291 job   889 on # 0 of server elephant COMPLETED
t:     123804 job   890 on # 0 of server elephant COMPLETED
t:     123804 job   902 on # 0 of server elephant RUNNING
t:     124775 job   902 on # 0 of server elephant COMPLETED
t:     124775 job   922 on # 0 of server elephant RUNNING
t:     125799 job   922 on # 0 of server elephant COMPLETED
t:     125799 job   925 on # 0 of server elephant RUNNING
t:     127413 job   925 on # 0 of server elephant COMPLETED
t:     127413 job   929 on # 0 of server elephant RUNNING
t:     127532 job   929 on # 0 of server elephant COMPLETED
t:     127532 job   933 on # 0 of server elephant RUNNING
t:     127627 job   933 on # 0 of server elephant COMPLETED
t:     127627 job   934 on # 0 of server elephant RUNNING
t:     128969 job   934 on # 0 of server elephant COMPLETED
t:     128969 job   936 on # 0 of server elephant RUNNING
t:     129602 job   936 on # 0 of server elephant COMPLETED
t:     129602 job   943 on # 0 of server elephant RUNNING
t:     130067 job   943 on # 0 of server elephant COMPLETED
t:     130067 job   946 on # 0 of server elephant RUNNING
t:     130067 job   952 on # 0 of server elephant RUNNING
t:     130067 job   953 on # 0 of server elephant RUNNING
t:     130326 job   946 on # 0 of server elephant COMPLETED
t:     130326 job   956 on # 0 of server elephant RUNNING
t:     131683 job   956 on # 0 of server elephant COMPLETED
t:     131683 job   957 on # 0 of server elephant RUNNING
t:     131718 job   953 on # 0 of server elephant COMPLETED
t:     131759 job   952 on # 0 of server elephant COMPLETED
t:     131818 job   957 on # 0 of server elephant COMPLETED
t:     131818 job   958 on # 0 of server elephant RUNNING
t:     132542 job   958 on # 0 of server elephant COMPLETED
t:     132542 job   960 on # 0 of server elephant RUNNING
t:     132542 job   961 on # 0 of server elephant RUNNING
t:     132542 job   963 on # 0 of server elephant RUNNING
t:     133211 job   960 on # 0 of server elephant COMPLETED
t:     133211 job   964 on # 0 of server elephant RUNNING
t:     133325 job   963 on # 0 of server elephant COMPLETED
t:     133325 job   965 on # 0 of server elephant RUNNING
t:     133878 job   964 on # 0 of server elephant COMPLETED
t:     133878 job   982 on # 0 of server elephant RUNNING
t:     133959 job   982 on # 0 of server elephant COMPLETED
t:     133959 job   986 on # 0 of server elephant RUNNING
t:     134007 job   986 on # 0 of server elephant COMPLETED
t:     134252 job   961 on # 0 of server elephant COMPLETED
t:     134785 job   965 on # 0 of server elephant COMPLETED
t:     134785 job   989 on # 0 of server elephant RUNNING
t:     136381 job   989 on # 0 of server elephant COMPLETED
t:     136381 job   991 on # 0 of server elephant RUNNING
t:     137644 job   991 on # 0 of server elephant COMPLETED
t:     137644 job   992 on # 0 of server elephant RUNNING
t:     137984 job   992 on # 0 of server elephant COMPLETED
t:     137984 job  1000 on # 0 of server elephant RUNNING
t:     137984 job  1001 on # 0 of server elephant RUNNING
t:     137984 job  1007 on # 0 of server elephant RUNNING
t:     139123 job  1007 on # 0 of server elephant COMPLETED
t:     139123 job  1008 on # 0 of server elephant RUNNING
t:     139183 job  1008 on # 0 of server elephant COMPLETED
t:     139285 job  1000 on # 0 of server elephant COMPLETED
t:     139313 job  1001 on # 0 of server elephant COMPLETED
t:     139313 job  1027 on # 0 of server elephant RUNNING
t:     140505 job  1027 on # 0 of server elephant COMPLETED
t:     140505 job  1028 on # 0 of server elephant RUNNING
t:     140567 job  1028 on # 0 of server elephant COMPLETED
t:     140567 job  1034 on # 0 of server elephant RUNNING
t:     141366 job  1034 on # 0 of server elephant COMPLETED
t:     141366 job  1035 on # 0 of server elephant RUNNING
t:     142861 job  1035 on # 0 of server elephant COMPLETED
t:     142861 job  1039 on # 0 of server elephant RUNNING
t:     142861 job  1047 on # 0 of server elephant RUNNING
t:     143027 job  1047 on # 0 of server elephant COMPLETED
t:     143027 job  1048 on # 0 of server elephant RUNNING
t:     143080 job  1048 on # 0 of server elephant COMPLETED
t:     143080 job  1049 on # 0 of server elephant RUNNING
t:     143331 job  1049 on # 0 of server elephant COMPLETED
t:     144072 job  1039 on # 0 of server elephant COMPLETED
t:     144072 job  1053 on # 0 of server elephant RUNNING
t:     145818 job  1053 on # 0 of server elephant COMPLETED
t:     145818 job  1060 on # 0 of server elephant RUNNING
t:     147328 job  1060 on # 0 of server elephant COMPLETED
t:     147328 job  1061 on # 0 of server elephant RUNNING
t:     147328 job  1065 on # 0 of server elephant RUNNING
t:     147466 job  1065 on # 0 of server elephant COMPLETED
t:     148887 job  1061 on # 0 of server elephant COMPLETED
t:     148887 job  1068 on # 0 of server elephant RUNNING
t:     149396 job  1068 on # 0 of server elephant COMPLETED
t:     149396 job  1079 on # 0 of server elephant RUNNING
t:     150065 job  1079 on # 0 of server elephant COMPLETED
t:     150065 job  1085 on # 0 of server elephant RUNNING
t:     150249 job  1085 on # 0 of server elephant COMPLETED
t:     150249 job  1088 on # 0 of server elephant RUNNING
t:     150249 job  1089 on # 0 of server elephant RUNNING
t:     150249 job  1091 on # 0 of server elephant RUNNING
t:     151014 job  1088 on # 0 of server elephant COMPLETED
t:     151539 job  1091 on # 0 of server elephant COMPLETED
t:     151539 job  1092 on # 0 of server elephant RUNNING
t:     151571 job  1089 on # 0 of server elephant COMPLETED
t:     151571 job  1093 on # 0 of server elephant RUNNING
t:     152093 job  1093 on # 0 of server elephant COMPLETED
t:     152560 job  1092 on # 0 of server elephant COMPLETED
t:     152560 job  1099 on # 0 of server elephant RUNNING
t:     153633 job  1099 on # 0 of server elephant COMPLETED
t:     153633 job  1100 on # 0 of server elephant RUNNING
t:     154339 job  1100 on # 0 of server elephant COMPLETED
t:     154339 job  1113 on # 0 of server elephant RUNNING
t:     155542 job  1113 on # 0 of server elephant COMPLETED
t:     155542 job  1118 on # 0 of server elephant RUNNING
t:     156738 job  1118 on # 0 of server elephant COMPLETED
t:     156738 job  1119 on # 0 of server elephant RUNNING
t:     156867 job  1119 on # 0 of server elephant COMPLETED
t:     156867 job  1122 on # 0 of server elephant RUNNING
t:     158443 job  1122 on # 0 of server elephant COMPLETED
t:     158443 job  1126 on # 0 of server elephant RUNNING
t:     159618 job  1126 on # 0 of server elephant COMPLETED
t:     159618 job  1146 on # 0 of server elephant RUNNING
t:     159618 job  1151 on # 0 of server elephant RUNNING
t:     159703 job  1151 on # 0 of server elephant COMPLETED
t:     159833 job  1146 on # 0 of server elephant COMPLETED
t:     159833 job  1154 on # 0 of server elephant RUNNING
t:     161571 job  1154 on # 0 of server elephant COMPLETED
t:     161571 job  1155 on # 0 of server elephant RUNNING
t:     162782 job  1155 on # 0 of server elephant COMPLETED
t:     162782 job  1157 on # 0 of server elephant RUNNING
t:     164298 job  1157 on # 0 of server elephant COMPLETED
t:     164298 job  1158 on # 0 of server elephant RUNNING
t:     164338 job  1158 on # 0 of server elephant COMPLETED
t:     164338 job  1159 on # 0 of server elephant RUNNING
t:     164711 job  1159 on # 0 of server elephant COMPLETED
t:     164711 job  1160 on # 0 of server elephant RUNNING
t:     166021 job  1160 on # 0 of server elephant COMPLETED
t:     166021 job  1173 on # 0 of server elephant RUNNING
t:     166021 job  1184 on # 0 of server elephant RUNNING
t:     166474 job  1173 on # 0 of server elephant COMPLETED
t:     166815 job  1184 on # 0 of server elephant COMPLETED
t:     166815 job  1195 on # 0 of server elephant RUNNING
t:     168154 job  1195 on # 0 of server elephant COMPLETED
t:     168154 job  1196 on # 0 of server elephant RUNNING
t:     168154 job  1198 on # 0 of server elephant RUNNING
t:     168154 job  1200 on # 0 of server elephant RUNNING
t:     169211 job  1200 on # 0 of server elephant COMPLETED
t:     169486 job  1196 on # 0 of server elephant COMPLETED
t:     169495 job  1198 on # 0 of server elephant COMPLETED
t:     169495 job  1210 on # 0 of server elephant RUNNING
t:     170952 job  1210 on # 0 of server elephant COMPLETED
t:     170952 job  1232 on # 0 of server elephant RUNNING
t:     172736 job  1232 on # 0 of server elephant COMPLETED
t:     172736 job  1243 on # 0 of server elephant RUNNING
t:     172763 job  1243 on # 0 of server elephant COMPLETED
t:     172763 job  1249 on # 0 of server elephant RUNNING
t:     173029 job  1249 on # 0 of server elephant COMPLETED
t:     173029 job  1252 on # 0 of server elephant RUNNING
t:     173053 job  1252 on # 0 of server elephant COMPLETED
t:     173053 job  1254 on # 0 of server elephant RUNNING
t:     173920 job  1254 on # 0 of server elephant COMPLETED
t:     173920 job  1258 on # 0 of server elephant RUNNING
t:     173920 job  1260 on # 0 of server elephant RUNNING
t:     173920 job  1261 on # 0 of server elephant RUNNING
t:     173949 job  1261 on # 0 of server elephant COMPLETED
t:     175319 job  1260 on # 0 of server elephant COMPLETED
t:     175440 job  1258 on # 0 of server elephant COMPLETED
t:     175440 job  1270 on # 0 of server elephant RUNNING
t:     175440 job  1277 on # 0 of server elephant RUNNING
t:     175440 job  1278 on # 0 of server elephant RUNNING
t:     175634 job  1277 on # 0 of server elephant COMPLETED
t:     176847 job  1270 on # 0 of server elephant COMPLETED
t:     177129 job  1278 on # 0 of server elephant COMPLETED
t:     177129 job  1289 on # 0 of server elephant RUNNING
t:     178315 job  1289 on # 0 of server elephant COMPLETED
t:     178315 job  1292 on # 0 of server elephant RUNNING
t:     178315 job  1299 on # 0 of server elephant RUNNING
t:     178315 job  1313 on # 0 of server elephant RUNNING
t:     178472 job  1292 on # 0 of server elephant COMPLETED
t:     178472 job  1315 on # 0 of server elephant RUNNING
t:     178553 job  1315 on # 0 of server elephant COMPLETED
t:     179096 job  1299 on # 0 of server elephant COMPLETED
t:     179096 job  1317 on # 0 of server elephant RUNNING
t:     179126 job  1317 on # 0 of server elephant COMPLETED
t:     179126 job  1326 on # 0 of server elephant RUNNING
t:     179126 job  1336 on # 0 of server elephant RUNNING
t:     179126 job  1339 on # 0 of server elephant RUNNING
t:     179158 job  1326 on # 0 of server elephant COMPLETED
t:     179397 job  1313 on # 0 of server elephant COMPLETED
t:     179397 job  1340 on # 0 of server elephant RUNNING
t:     179773 job  1336 on # 0 of server elephant COMPLETED
t:     180140 job  1339 on # 0 of server elephant COMPLETED
t:     180218 job  1340 on # 0 of server elephant COMPLETED
t:     180218 job  1347 on # 0 of server elephant RUNNING
t:     180783 job  1347 on # 0 of server elephant COMPLETED
t:     180783 job  1366 on # 0 of server elephant RUNNING
t:     182177 job  1366 on # 0 of server elephant COMPLETED
t:     182177 job  1371 on # 0 of server elephant RUNNING
t:     183827 job  1371 on # 0 of server elephant COMPLETED
t:     183827 job  1377 on # 0 of server elephant RUNNING
t:     184122 job  1377 on # 0 of server elephant COMPLETED
t:     184122 job  1386 on # 0 of server elephant RUNNING
t:     184122 job  1402 on # 0 of server elephant RUNNING
t:     184122 job  1411 on # 0 of server elephant RUNNING
t:     184218 job  1386 on # 0 of server elephant COMPLETED
t:     185016 job  1402 on # 0 of server elephant COMPLETED
t:     185016 job  1422 on # 0 of server elephant RUNNING
t:     185559 job  1411 on # 0 of server elephant COMPLETED
t:     186196 job  1422 on # 0 of server elephant COMPLETED
t:     186196 job  1439 on # 0 of server elephant RUNNING
t:     186196 job  1459 on # 0 of server elephant RUNNING
t:     186196 job  1472 on # 0 of server elephant RUNNING
t:     186196 job  1488 on # 0 of server elephant RUNNING
t:     186469 job  1472 on # 0 of server elephant COMPLETED
t:     186469 job  1491 on # 0 of server elephant RUNNING
t:     186549 job  1459 on # 0 of server elephant COMPLETED
t:     186627 job  1488 on # 0 of server elephant COMPLETED
t:     187421 job  1439 on # 0 of server elephant COMPLETED
t:     187421 job  1504 on # 0 of server elephant RUNNING
t:     187421 job  1508 on # 0 of server elephant RUNNING
t:     187421 job  1512 on # 0 of server elephant RUNNING
t:     187421 job  1532 on # 0 of server elephant RUNNING
t:     187421 job  1552 on # 0 of server elephant RUNNING
t:     187421 job  1556 on # 0 of server elephant RUNNING
t:     187421 job  1558 on # 0 of server elephant RUNNING
t:     187421 job  1563 on # 0 of server elephant RUNNING
t:     187421 job  1574 on # 0 of server elephant RUNNING
t:     187634 job  1574 on # 0 of server elephant COMPLETED
t:     187642 job  1491 on # 0 of server elephant COMPLETED
t:     187800 job  1563 on # 0 of server elephant COMPLETED
t:     187888 job  1556 on # 0 of server elephant COMPLETED
t:     188003 job  1532 on # 0 of server elephant COMPLETED
t:     188147 job  1552 on # 0 of server elephant COMPLETED
t:     188665 job  1512 on # 0 of server elephant COMPLETED
t:     188665 job  1577 on # 0 of server elephant RUNNING
t:     188767 job  1508 on # 0 of server elephant COMPLETED
t:     188823 job  1504 on # 0 of server elephant COMPLETED
t:     188823 job  1579 on # 0 of server elephant RUNNING
t:     188915 job  1558 on # 0 of server elephant COMPLETED
t:     188930 job  1577 on # 0 of server elephant COMPLETED
t:     190065 job  1579 on # 0 of server elephant COMPLETED
t:     190065 job  1591 on # 0 of server elephant RUNNING
t:     191331 job  1591 on # 0 of server elephant COMPLETED
t:     191331 job  1650 on # 0 of server elephant RUNNING
t:     192689 job  1650 on # 0 of server elephant COMPLETED
t:     192689 job  1651 on # 0 of server elephant RUNNING
t:     193600 job  1651 on # 0 of server elephant COMPLETED
SENT QUIT
# ---------------------------------------------------------------------------
# 5 elephant servers used with a utilisation of 45.19 at the cost of $829.80
# 11 ant servers used with a utilisation of 11.45 at the cost of $28.83
# 9 dunkey servers used with a utilisation of 11.59 at the cost of $168.18
# =============================== [ Overall ] ===============================
# actual simulation end time: 193600
# total #servers used: 25, avg utilisation: 18.25 and total cost: $1026.81
# avg waiting time: 9562, avg exec time: 765 and avg turnaround time: 10328



>>>>>>>>>>>>>>>>>>>>>>>>>>WF<<<<<<<<<<<<<<<<<<<<<<<<<<<<<<<<<<<

t:     100304 job  1677 on # 2 of server elephant COMPLETED
t:     100345 job  1676 on # 4 of server elephant COMPLETED
t:     100416 job  1673 on # 2 of server elephant COMPLETED
t:     100525 job   680 on # 0 of server elephant COMPLETED
t:     100764 job   690 on # 0 of server elephant COMPLETED
t:     100764 job   691 on # 0 of server elephant RUNNING
t:     100898 job   682 on # 0 of server elephant COMPLETED
t:     101049 job  1675 on # 1 of server elephant COMPLETED
t:     101292 job  1679 on # 3 of server elephant COMPLETED
t:     101488 job  1678 on # 3 of server elephant COMPLETED
t:     102371 job   691 on # 0 of server elephant COMPLETED
t:     102371 job   693 on # 0 of server elephant RUNNING
t:     103506 job   693 on # 0 of server elephant COMPLETED
t:     103506 job   700 on # 0 of server elephant RUNNING
t:     105174 job   700 on # 0 of server elephant COMPLETED
t:     105174 job   701 on # 0 of server elephant RUNNING
t:     106698 job   701 on # 0 of server elephant COMPLETED
t:     106698 job   709 on # 0 of server elephant RUNNING
t:     107852 job   709 on # 0 of server elephant COMPLETED
t:     107852 job   724 on # 0 of server elephant RUNNING
t:     108291 job   724 on # 0 of server elephant COMPLETED
t:     108291 job   726 on # 0 of server elephant RUNNING
t:     108364 job   726 on # 0 of server elephant COMPLETED
t:     108364 job   728 on # 0 of server elephant RUNNING
t:     109411 job   728 on # 0 of server elephant COMPLETED
t:     109411 job   735 on # 0 of server elephant RUNNING
t:     109877 job   735 on # 0 of server elephant COMPLETED
t:     109877 job   740 on # 0 of server elephant RUNNING
t:     111026 job   740 on # 0 of server elephant COMPLETED
t:     111026 job   742 on # 0 of server elephant RUNNING
t:     112527 job   742 on # 0 of server elephant COMPLETED
t:     112527 job   747 on # 0 of server elephant RUNNING
t:     113855 job   747 on # 0 of server elephant COMPLETED
t:     113855 job   749 on # 0 of server elephant RUNNING
t:     115372 job   749 on # 0 of server elephant COMPLETED
t:     115372 job   751 on # 0 of server elephant RUNNING
t:     115372 job   752 on # 0 of server elephant RUNNING
t:     115372 job   753 on # 0 of server elephant RUNNING
t:     115470 job   751 on # 0 of server elephant COMPLETED
t:     115470 job   754 on # 0 of server elephant RUNNING
t:     115470 job   762 on # 0 of server elephant RUNNING
t:     115600 job   762 on # 0 of server elephant COMPLETED
t:     116161 job   754 on # 0 of server elephant COMPLETED
t:     116161 job   763 on # 0 of server elephant RUNNING
t:     116161 job   764 on # 0 of server elephant RUNNING
t:     116161 job   765 on # 0 of server elephant RUNNING
t:     116161 job   766 on # 0 of server elephant RUNNING
t:     116161 job   767 on # 0 of server elephant RUNNING
t:     116161 job   768 on # 0 of server elephant RUNNING
t:     116161 job   769 on # 0 of server elephant RUNNING
t:     116161 job   770 on # 0 of server elephant RUNNING
t:     116161 job   771 on # 0 of server elephant RUNNING
t:     116377 job   767 on # 0 of server elephant COMPLETED
t:     116396 job   765 on # 0 of server elephant COMPLETED
t:     116547 job   766 on # 0 of server elephant COMPLETED
t:     116678 job   752 on # 0 of server elephant COMPLETED
t:     116717 job   769 on # 0 of server elephant COMPLETED
t:     116900 job   753 on # 0 of server elephant COMPLETED
t:     117012 job   771 on # 0 of server elephant COMPLETED
t:     117076 job   764 on # 0 of server elephant COMPLETED
t:     117096 job   768 on # 0 of server elephant COMPLETED
t:     117605 job   763 on # 0 of server elephant COMPLETED
t:     117605 job   774 on # 0 of server elephant RUNNING
t:     117743 job   770 on # 0 of server elephant COMPLETED
t:     118454 job   774 on # 0 of server elephant COMPLETED
t:     118454 job   775 on # 0 of server elephant RUNNING
t:     120092 job   775 on # 0 of server elephant COMPLETED
t:     120092 job   781 on # 0 of server elephant RUNNING
t:     120161 job   781 on # 0 of server elephant COMPLETED
t:     120161 job   784 on # 0 of server elephant RUNNING
t:     120670 job   784 on # 0 of server elephant COMPLETED
t:     120670 job   785 on # 0 of server elephant RUNNING
t:     121924 job   785 on # 0 of server elephant COMPLETED
t:     121924 job   792 on # 0 of server elephant RUNNING
t:     123071 job   792 on # 0 of server elephant COMPLETED
t:     123071 job   797 on # 0 of server elephant RUNNING
t:     123286 job   797 on # 0 of server elephant COMPLETED
t:     123286 job   799 on # 0 of server elephant RUNNING
t:     123367 job   799 on # 0 of server elephant COMPLETED
t:     123367 job   809 on # 0 of server elephant RUNNING
t:     124041 job   809 on # 0 of server elephant COMPLETED
t:     124041 job   810 on # 0 of server elephant RUNNING
t:     124059 job   810 on # 0 of server elephant COMPLETED
t:     124059 job   812 on # 0 of server elephant RUNNING
t:     124661 job   812 on # 0 of server elephant COMPLETED
t:     124661 job   830 on # 0 of server elephant RUNNING
t:     124947 job   830 on # 0 of server elephant COMPLETED
t:     124947 job   832 on # 0 of server elephant RUNNING
t:     125207 job   832 on # 0 of server elephant COMPLETED
t:     125207 job   838 on # 0 of server elephant RUNNING
t:     126912 job   838 on # 0 of server elephant COMPLETED
t:     126912 job   839 on # 0 of server elephant RUNNING
t:     127152 job   839 on # 0 of server elephant COMPLETED
t:     127152 job   842 on # 0 of server elephant RUNNING
t:     127557 job   842 on # 0 of server elephant COMPLETED
t:     127557 job   843 on # 0 of server elephant RUNNING
t:     127689 job   843 on # 0 of server elephant COMPLETED
t:     127689 job   844 on # 0 of server elephant RUNNING
t:     127943 job   844 on # 0 of server elephant COMPLETED
t:     127943 job   845 on # 0 of server elephant RUNNING
t:     127943 job   846 on # 0 of server elephant RUNNING
t:     128106 job   845 on # 0 of server elephant COMPLETED
t:     128809 job   846 on # 0 of server elephant COMPLETED
t:     128809 job   851 on # 0 of server elephant RUNNING
t:     129530 job   851 on # 0 of server elephant COMPLETED
t:     129530 job   857 on # 0 of server elephant RUNNING
t:     130311 job   857 on # 0 of server elephant COMPLETED
t:     130311 job   861 on # 0 of server elephant RUNNING
t:     131956 job   861 on # 0 of server elephant COMPLETED
t:     131956 job   863 on # 0 of server elephant RUNNING
t:     132660 job   863 on # 0 of server elephant COMPLETED
t:     132660 job   866 on # 0 of server elephant RUNNING
t:     132843 job   866 on # 0 of server elephant COMPLETED
t:     132843 job   876 on # 0 of server elephant RUNNING
t:     132916 job   876 on # 0 of server elephant COMPLETED
t:     132916 job   878 on # 0 of server elephant RUNNING
t:     133305 job   878 on # 0 of server elephant COMPLETED
t:     133305 job   882 on # 0 of server elephant RUNNING
t:     133668 job   882 on # 0 of server elephant COMPLETED
t:     133668 job   884 on # 0 of server elephant RUNNING
t:     133839 job   884 on # 0 of server elephant COMPLETED
t:     133839 job   893 on # 0 of server elephant RUNNING
t:     135382 job   893 on # 0 of server elephant COMPLETED
t:     135382 job   897 on # 0 of server elephant RUNNING
t:     135382 job   901 on # 0 of server elephant RUNNING
t:     136466 job   897 on # 0 of server elephant COMPLETED
t:     136769 job   901 on # 0 of server elephant COMPLETED
t:     136769 job   902 on # 0 of server elephant RUNNING
t:     137740 job   902 on # 0 of server elephant COMPLETED
t:     137740 job   912 on # 0 of server elephant RUNNING
t:     139188 job   912 on # 0 of server elephant COMPLETED
t:     139188 job   925 on # 0 of server elephant RUNNING
t:     140802 job   925 on # 0 of server elephant COMPLETED
t:     140802 job   928 on # 0 of server elephant RUNNING
t:     142267 job   928 on # 0 of server elephant COMPLETED
t:     142267 job   929 on # 0 of server elephant RUNNING
t:     142386 job   929 on # 0 of server elephant COMPLETED
t:     142386 job   930 on # 0 of server elephant RUNNING
t:     142386 job   933 on # 0 of server elephant RUNNING
t:     142481 job   933 on # 0 of server elephant COMPLETED
t:     142749 job   930 on # 0 of server elephant COMPLETED
t:     142749 job   934 on # 0 of server elephant RUNNING
t:     144091 job   934 on # 0 of server elephant COMPLETED
t:     144091 job   936 on # 0 of server elephant RUNNING
t:     144724 job   936 on # 0 of server elephant COMPLETED
t:     144724 job   940 on # 0 of server elephant RUNNING
t:     145535 job   940 on # 0 of server elephant COMPLETED
t:     145535 job   943 on # 0 of server elephant RUNNING
t:     146000 job   943 on # 0 of server elephant COMPLETED
t:     146000 job   954 on # 0 of server elephant RUNNING
t:     146134 job   954 on # 0 of server elephant COMPLETED
t:     146134 job   958 on # 0 of server elephant RUNNING
t:     146858 job   958 on # 0 of server elephant COMPLETED
t:     146858 job   963 on # 0 of server elephant RUNNING
t:     146858 job   965 on # 0 of server elephant RUNNING
t:     147641 job   963 on # 0 of server elephant COMPLETED
t:     147641 job   980 on # 0 of server elephant RUNNING
t:     147841 job   980 on # 0 of server elephant COMPLETED
t:     148318 job   965 on # 0 of server elephant COMPLETED
t:     148318 job   981 on # 0 of server elephant RUNNING
t:     149984 job   981 on # 0 of server elephant COMPLETED
t:     149984 job   985 on # 0 of server elephant RUNNING
t:     151610 job   985 on # 0 of server elephant COMPLETED
t:     151610 job   989 on # 0 of server elephant RUNNING
t:     153206 job   989 on # 0 of server elephant COMPLETED
t:     153206 job   992 on # 0 of server elephant RUNNING
t:     153546 job   992 on # 0 of server elephant COMPLETED
t:     153546 job   998 on # 0 of server elephant RUNNING
t:     154746 job   998 on # 0 of server elephant COMPLETED
t:     154746 job  1023 on # 0 of server elephant RUNNING
t:     154746 job  1024 on # 0 of server elephant RUNNING
t:     154746 job  1025 on # 0 of server elephant RUNNING
t:     154869 job  1023 on # 0 of server elephant COMPLETED
t:     155039 job  1025 on # 0 of server elephant COMPLETED
t:     155039 job  1029 on # 0 of server elephant RUNNING
t:     155716 job  1024 on # 0 of server elephant COMPLETED
t:     156455 job  1029 on # 0 of server elephant COMPLETED
t:     156455 job  1034 on # 0 of server elephant RUNNING
t:     157254 job  1034 on # 0 of server elephant COMPLETED
t:     157254 job  1035 on # 0 of server elephant RUNNING
t:     157254 job  1036 on # 0 of server elephant RUNNING
t:     157254 job  1037 on # 0 of server elephant RUNNING
t:     158319 job  1036 on # 0 of server elephant COMPLETED
t:     158749 job  1035 on # 0 of server elephant COMPLETED
t:     158749 job  1039 on # 0 of server elephant RUNNING
t:     158749 job  1040 on # 0 of server elephant RUNNING
t:     158749 job  1041 on # 0 of server elephant RUNNING
t:     158749 job  1042 on # 0 of server elephant RUNNING
t:     158749 job  1043 on # 0 of server elephant RUNNING
t:     158749 job  1044 on # 0 of server elephant RUNNING
t:     158749 job  1045 on # 0 of server elephant RUNNING
t:     158749 job  1046 on # 0 of server elephant RUNNING
t:     158804 job  1045 on # 0 of server elephant COMPLETED
t:     158839 job  1040 on # 0 of server elephant COMPLETED
t:     158959 job  1037 on # 0 of server elephant COMPLETED
t:     159043 job  1043 on # 0 of server elephant COMPLETED
t:     159073 job  1041 on # 0 of server elephant COMPLETED
t:     159120 job  1044 on # 0 of server elephant COMPLETED
t:     159960 job  1039 on # 0 of server elephant COMPLETED
t:     160317 job  1046 on # 0 of server elephant COMPLETED
t:     160478 job  1042 on # 0 of server elephant COMPLETED
t:     160478 job  1052 on # 0 of server elephant RUNNING
t:     161959 job  1052 on # 0 of server elephant COMPLETED
t:     161959 job  1060 on # 0 of server elephant RUNNING
t:     163469 job  1060 on # 0 of server elephant COMPLETED
t:     163469 job  1061 on # 0 of server elephant RUNNING
t:     165028 job  1061 on # 0 of server elephant COMPLETED
t:     165028 job  1066 on # 0 of server elephant RUNNING
t:     166765 job  1066 on # 0 of server elephant COMPLETED
t:     166765 job  1081 on # 0 of server elephant RUNNING
t:     166765 job  1083 on # 0 of server elephant RUNNING
t:     166765 job  1084 on # 0 of server elephant RUNNING
t:     166765 job  1086 on # 0 of server elephant RUNNING
t:     166765 job  1087 on # 0 of server elephant RUNNING
t:     167400 job  1083 on # 0 of server elephant COMPLETED
t:     167529 job  1081 on # 0 of server elephant COMPLETED
t:     167529 job  1088 on # 0 of server elephant RUNNING
t:     167529 job  1089 on # 0 of server elephant RUNNING
t:     167529 job  1090 on # 0 of server elephant RUNNING
t:     167816 job  1084 on # 0 of server elephant COMPLETED
t:     167862 job  1087 on # 0 of server elephant COMPLETED
t:     168294 job  1088 on # 0 of server elephant COMPLETED
t:     168487 job  1086 on # 0 of server elephant COMPLETED
t:     168851 job  1089 on # 0 of server elephant COMPLETED
t:     169065 job  1090 on # 0 of server elephant COMPLETED
t:     169065 job  1096 on # 0 of server elephant RUNNING
t:     170614 job  1096 on # 0 of server elephant COMPLETED
t:     170614 job  1097 on # 0 of server elephant RUNNING
t:     170870 job  1097 on # 0 of server elephant COMPLETED
t:     170870 job  1099 on # 0 of server elephant RUNNING
t:     171943 job  1099 on # 0 of server elephant COMPLETED
t:     171943 job  1100 on # 0 of server elephant RUNNING
t:     171943 job  1102 on # 0 of server elephant RUNNING
t:     172649 job  1100 on # 0 of server elephant COMPLETED
t:     172649 job  1103 on # 0 of server elephant RUNNING
t:     173171 job  1102 on # 0 of server elephant COMPLETED
t:     173171 job  1104 on # 0 of server elephant RUNNING
t:     173251 job  1103 on # 0 of server elephant COMPLETED
t:     173251 job  1105 on # 0 of server elephant RUNNING
t:     173251 job  1107 on # 0 of server elephant RUNNING
t:     173251 job  1108 on # 0 of server elephant RUNNING
t:     173251 job  1109 on # 0 of server elephant RUNNING
t:     173251 job  1110 on # 0 of server elephant RUNNING
t:     173251 job  1111 on # 0 of server elephant RUNNING
t:     173251 job  1112 on # 0 of server elephant RUNNING
t:     173251 job  1118 on # 0 of server elephant RUNNING
t:     173416 job  1104 on # 0 of server elephant COMPLETED
t:     173451 job  1109 on # 0 of server elephant COMPLETED
t:     173459 job  1110 on # 0 of server elephant COMPLETED
t:     173466 job  1112 on # 0 of server elephant COMPLETED
t:     173591 job  1108 on # 0 of server elephant COMPLETED
t:     174145 job  1111 on # 0 of server elephant COMPLETED
t:     174447 job  1118 on # 0 of server elephant COMPLETED
t:     174447 job  1119 on # 0 of server elephant RUNNING
t:     174447 job  1120 on # 0 of server elephant RUNNING
t:     174528 job  1107 on # 0 of server elephant COMPLETED
t:     174547 job  1120 on # 0 of server elephant COMPLETED
t:     174576 job  1119 on # 0 of server elephant COMPLETED
t:     174576 job  1121 on # 0 of server elephant RUNNING
t:     174961 job  1105 on # 0 of server elephant COMPLETED
t:     174961 job  1122 on # 0 of server elephant RUNNING
t:     175664 job  1121 on # 0 of server elephant COMPLETED
t:     175664 job  1123 on # 0 of server elephant RUNNING
t:     175937 job  1123 on # 0 of server elephant COMPLETED
t:     176537 job  1122 on # 0 of server elephant COMPLETED
t:     176537 job  1125 on # 0 of server elephant RUNNING
t:     178033 job  1125 on # 0 of server elephant COMPLETED
t:     178033 job  1126 on # 0 of server elephant RUNNING
t:     178033 job  1134 on # 0 of server elephant RUNNING
t:     178033 job  1135 on # 0 of server elephant RUNNING
t:     178506 job  1135 on # 0 of server elephant COMPLETED
t:     179208 job  1126 on # 0 of server elephant COMPLETED
t:     179208 job  1139 on # 0 of server elephant RUNNING
t:     179208 job  1140 on # 0 of server elephant RUNNING
t:     179208 job  1141 on # 0 of server elephant RUNNING
t:     179208 job  1142 on # 0 of server elephant RUNNING
t:     179208 job  1143 on # 0 of server elephant RUNNING
t:     179208 job  1144 on # 0 of server elephant RUNNING
t:     179208 job  1145 on # 0 of server elephant RUNNING
t:     179208 job  1147 on # 0 of server elephant RUNNING
t:     179208 job  1148 on # 0 of server elephant RUNNING
t:     179462 job  1134 on # 0 of server elephant COMPLETED
t:     179813 job  1141 on # 0 of server elephant COMPLETED
t:     179942 job  1143 on # 0 of server elephant COMPLETED
t:     180105 job  1144 on # 0 of server elephant COMPLETED
t:     180223 job  1147 on # 0 of server elephant COMPLETED
t:     180396 job  1148 on # 0 of server elephant COMPLETED
t:     180416 job  1139 on # 0 of server elephant COMPLETED
t:     180461 job  1140 on # 0 of server elephant COMPLETED
t:     180595 job  1145 on # 0 of server elephant COMPLETED
t:     180619 job  1142 on # 0 of server elephant COMPLETED
t:     180619 job  1155 on # 0 of server elephant RUNNING
t:     181830 job  1155 on # 0 of server elephant COMPLETED
t:     181830 job  1156 on # 0 of server elephant RUNNING
t:     183551 job  1156 on # 0 of server elephant COMPLETED
t:     183551 job  1160 on # 0 of server elephant RUNNING
t:     184861 job  1160 on # 0 of server elephant COMPLETED
t:     184861 job  1174 on # 0 of server elephant RUNNING
t:     185973 job  1174 on # 0 of server elephant COMPLETED
t:     185973 job  1183 on # 0 of server elephant RUNNING
t:     186171 job  1183 on # 0 of server elephant COMPLETED
t:     186171 job  1184 on # 0 of server elephant RUNNING
t:     186965 job  1184 on # 0 of server elephant COMPLETED
t:     186965 job  1193 on # 0 of server elephant RUNNING
t:     187764 job  1193 on # 0 of server elephant COMPLETED
t:     187764 job  1195 on # 0 of server elephant RUNNING
t:     189103 job  1195 on # 0 of server elephant COMPLETED
t:     189103 job  1201 on # 0 of server elephant RUNNING
t:     189600 job  1201 on # 0 of server elephant COMPLETED
t:     189600 job  1210 on # 0 of server elephant RUNNING
t:     191057 job  1210 on # 0 of server elephant COMPLETED
t:     191057 job  1219 on # 0 of server elephant RUNNING
t:     191307 job  1219 on # 0 of server elephant COMPLETED
t:     191307 job  1221 on # 0 of server elephant RUNNING
t:     191844 job  1221 on # 0 of server elephant COMPLETED
t:     191844 job  1232 on # 0 of server elephant RUNNING
t:     193628 job  1232 on # 0 of server elephant COMPLETED
t:     193628 job  1243 on # 0 of server elephant RUNNING
t:     193655 job  1243 on # 0 of server elephant COMPLETED
t:     193655 job  1247 on # 0 of server elephant RUNNING
t:     194550 job  1247 on # 0 of server elephant COMPLETED
t:     194550 job  1258 on # 0 of server elephant RUNNING
t:     196070 job  1258 on # 0 of server elephant COMPLETED
t:     196070 job  1259 on # 0 of server elephant RUNNING
t:     197627 job  1259 on # 0 of server elephant COMPLETED
t:     197627 job  1265 on # 0 of server elephant RUNNING
t:     197746 job  1265 on # 0 of server elephant COMPLETED
t:     197746 job  1267 on # 0 of server elephant RUNNING
t:     198016 job  1267 on # 0 of server elephant COMPLETED
t:     198016 job  1272 on # 0 of server elephant RUNNING
t:     199341 job  1272 on # 0 of server elephant COMPLETED
t:     199341 job  1288 on # 0 of server elephant RUNNING
t:     200604 job  1288 on # 0 of server elephant COMPLETED
t:     200604 job  1289 on # 0 of server elephant RUNNING
t:     201790 job  1289 on # 0 of server elephant COMPLETED
t:     201790 job  1293 on # 0 of server elephant RUNNING
t:     202926 job  1293 on # 0 of server elephant COMPLETED
t:     202926 job  1309 on # 0 of server elephant RUNNING
t:     204562 job  1309 on # 0 of server elephant COMPLETED
t:     204562 job  1338 on # 0 of server elephant RUNNING
t:     206060 job  1338 on # 0 of server elephant COMPLETED
t:     206060 job  1347 on # 0 of server elephant RUNNING
t:     206625 job  1347 on # 0 of server elephant COMPLETED
t:     206625 job  1357 on # 0 of server elephant RUNNING
t:     206625 job  1358 on # 0 of server elephant RUNNING
t:     206625 job  1359 on # 0 of server elephant RUNNING
t:     206625 job  1360 on # 0 of server elephant RUNNING
t:     206625 job  1361 on # 0 of server elephant RUNNING
t:     206788 job  1359 on # 0 of server elephant COMPLETED
t:     206788 job  1363 on # 0 of server elephant RUNNING
t:     206800 job  1357 on # 0 of server elephant COMPLETED
t:     207033 job  1363 on # 0 of server elephant COMPLETED
t:     207033 job  1364 on # 0 of server elephant RUNNING
t:     207286 job  1360 on # 0 of server elephant COMPLETED
t:     207286 job  1365 on # 0 of server elephant RUNNING
t:     207352 job  1361 on # 0 of server elephant COMPLETED
t:     207596 job  1364 on # 0 of server elephant COMPLETED
t:     207835 job  1365 on # 0 of server elephant COMPLETED
t:     207835 job  1366 on # 0 of server elephant RUNNING
t:     207835 job  1367 on # 0 of server elephant RUNNING
t:     207835 job  1368 on # 0 of server elephant RUNNING
t:     207835 job  1369 on # 0 of server elephant RUNNING
t:     207835 job  1370 on # 0 of server elephant RUNNING
t:     208023 job  1358 on # 0 of server elephant COMPLETED
t:     208110 job  1367 on # 0 of server elephant COMPLETED
t:     208700 job  1368 on # 0 of server elephant COMPLETED
t:     209229 job  1366 on # 0 of server elephant COMPLETED
t:     209229 job  1371 on # 0 of server elephant RUNNING
t:     209229 job  1372 on # 0 of server elephant RUNNING
t:     209229 job  1373 on # 0 of server elephant RUNNING
t:     209312 job  1370 on # 0 of server elephant COMPLETED
t:     209573 job  1372 on # 0 of server elephant COMPLETED
t:     209630 job  1369 on # 0 of server elephant COMPLETED
t:     209630 job  1374 on # 0 of server elephant RUNNING
t:     209630 job  1375 on # 0 of server elephant RUNNING
t:     210342 job  1373 on # 0 of server elephant COMPLETED
t:     210711 job  1374 on # 0 of server elephant COMPLETED
t:     210879 job  1371 on # 0 of server elephant COMPLETED
t:     210879 job  1377 on # 0 of server elephant RUNNING
t:     210882 job  1375 on # 0 of server elephant COMPLETED
t:     210882 job  1378 on # 0 of server elephant RUNNING
t:     210882 job  1379 on # 0 of server elephant RUNNING
t:     211020 job  1379 on # 0 of server elephant COMPLETED
t:     211020 job  1380 on # 0 of server elephant RUNNING
t:     211174 job  1377 on # 0 of server elephant COMPLETED
t:     211174 job  1391 on # 0 of server elephant RUNNING
t:     211174 job  1405 on # 0 of server elephant RUNNING
t:     211260 job  1380 on # 0 of server elephant COMPLETED
t:     211389 job  1405 on # 0 of server elephant COMPLETED
t:     211870 job  1391 on # 0 of server elephant COMPLETED
t:     211870 job  1406 on # 0 of server elephant RUNNING
t:     212272 job  1378 on # 0 of server elephant COMPLETED
t:     212493 job  1406 on # 0 of server elephant COMPLETED
t:     212493 job  1407 on # 0 of server elephant RUNNING
t:     212493 job  1408 on # 0 of server elephant RUNNING
t:     212540 job  1407 on # 0 of server elephant COMPLETED
t:     212540 job  1409 on # 0 of server elephant RUNNING
t:     212540 job  1410 on # 0 of server elephant RUNNING
t:     212540 job  1411 on # 0 of server elephant RUNNING
t:     212549 job  1408 on # 0 of server elephant COMPLETED
t:     212848 job  1409 on # 0 of server elephant COMPLETED
t:     212848 job  1412 on # 0 of server elephant RUNNING
t:     213535 job  1410 on # 0 of server elephant COMPLETED
t:     213721 job  1412 on # 0 of server elephant COMPLETED
t:     213721 job  1413 on # 0 of server elephant RUNNING
t:     213928 job  1413 on # 0 of server elephant COMPLETED
t:     213928 job  1414 on # 0 of server elephant RUNNING
t:     213928 job  1415 on # 0 of server elephant RUNNING
t:     213928 job  1416 on # 0 of server elephant RUNNING
t:     213928 job  1417 on # 0 of server elephant RUNNING
t:     213928 job  1418 on # 0 of server elephant RUNNING
t:     213928 job  1419 on # 0 of server elephant RUNNING
t:     213928 job  1420 on # 0 of server elephant RUNNING
t:     213977 job  1411 on # 0 of server elephant COMPLETED
t:     214035 job  1415 on # 0 of server elephant COMPLETED
t:     214152 job  1414 on # 0 of server elephant COMPLETED
t:     214152 job  1421 on # 0 of server elephant RUNNING
t:     214160 job  1418 on # 0 of server elephant COMPLETED
t:     214209 job  1421 on # 0 of server elephant COMPLETED
t:     214209 job  1422 on # 0 of server elephant RUNNING
t:     214267 job  1419 on # 0 of server elephant COMPLETED
t:     214456 job  1417 on # 0 of server elephant COMPLETED
t:     214532 job  1420 on # 0 of server elephant COMPLETED
t:     214661 job  1416 on # 0 of server elephant COMPLETED
t:     215389 job  1422 on # 0 of server elephant COMPLETED
t:     215389 job  1423 on # 0 of server elephant RUNNING
t:     216153 job  1423 on # 0 of server elephant COMPLETED
t:     216153 job  1439 on # 0 of server elephant RUNNING
t:     217378 job  1439 on # 0 of server elephant COMPLETED
t:     217378 job  1457 on # 0 of server elephant RUNNING
t:     217943 job  1457 on # 0 of server elephant COMPLETED
t:     217943 job  1458 on # 0 of server elephant RUNNING
t:     218584 job  1458 on # 0 of server elephant COMPLETED
t:     218584 job  1484 on # 0 of server elephant RUNNING
t:     219684 job  1484 on # 0 of server elephant COMPLETED
t:     219684 job  1500 on # 0 of server elephant RUNNING
t:     220376 job  1500 on # 0 of server elephant COMPLETED
t:     220376 job  1515 on # 0 of server elephant RUNNING
t:     220431 job  1515 on # 0 of server elephant COMPLETED
t:     220431 job  1517 on # 0 of server elephant RUNNING
t:     221676 job  1517 on # 0 of server elephant COMPLETED
t:     221676 job  1535 on # 0 of server elephant RUNNING
t:     222325 job  1535 on # 0 of server elephant COMPLETED
t:     222325 job  1568 on # 0 of server elephant RUNNING
t:     224095 job  1568 on # 0 of server elephant COMPLETED
t:     224095 job  1596 on # 0 of server elephant RUNNING
t:     224878 job  1596 on # 0 of server elephant COMPLETED
SENT QUIT
# ---------------------------------------------------------------------------
# 5 elephant servers used with a utilisation of 50.62 at the cost of $998.22
# 0 ant servers used with a utilisation of 0.00 at the cost of $0.00
# 0 dunkey servers used with a utilisation of 0.00 at the cost of $0.00
# =============================== [ Overall ] ===============================
# actual simulation end time: 224878
# total #servers used: 5, avg utilisation: 50.62 and total cost: $998.22
# avg waiting time: 16089, avg exec time: 774 and avg turnaround time: 16863



>>>>>>>>>>>>>>>>>>>>>>>>>>My Client<<<<<<<<<<<<<<<<<<<<<<<<<<<<<<<<<<<

t:     100304 job  1677 on #36 of server ant COMPLETED
t:     100345 job  1676 on #14 of server dunkey COMPLETED
t:     100416 job  1673 on #14 of server dunkey COMPLETED
t:     100589 job   740 on # 0 of server elephant COMPLETED
t:     100589 job   742 on # 0 of server elephant RUNNING
t:     101049 job  1675 on # 3 of server elephant COMPLETED
t:     101292 job  1679 on # 3 of server ant COMPLETED
t:     101488 job  1678 on #14 of server dunkey COMPLETED
t:     102090 job   742 on # 0 of server elephant COMPLETED
t:     102090 job   748 on # 0 of server elephant RUNNING
t:     102479 job   748 on # 0 of server elephant COMPLETED
t:     102479 job   754 on # 0 of server elephant RUNNING
t:     103170 job   754 on # 0 of server elephant COMPLETED
t:     103170 job   760 on # 0 of server elephant RUNNING
t:     104517 job   760 on # 0 of server elephant COMPLETED
t:     104517 job   763 on # 0 of server elephant RUNNING
t:     105961 job   763 on # 0 of server elephant COMPLETED
t:     105961 job   774 on # 0 of server elephant RUNNING
t:     106810 job   774 on # 0 of server elephant COMPLETED
t:     106810 job   777 on # 0 of server elephant RUNNING
t:     107738 job   777 on # 0 of server elephant COMPLETED
t:     107738 job   781 on # 0 of server elephant RUNNING
t:     107807 job   781 on # 0 of server elephant COMPLETED
t:     107807 job   784 on # 0 of server elephant RUNNING
t:     108316 job   784 on # 0 of server elephant COMPLETED
t:     108316 job   785 on # 0 of server elephant RUNNING
t:     109570 job   785 on # 0 of server elephant COMPLETED
t:     109570 job   793 on # 0 of server elephant RUNNING
t:     109570 job   794 on # 0 of server elephant RUNNING
t:     109570 job   795 on # 0 of server elephant RUNNING
t:     109570 job   796 on # 0 of server elephant RUNNING
t:     109639 job   793 on # 0 of server elephant COMPLETED
t:     109695 job   796 on # 0 of server elephant COMPLETED
t:     109781 job   794 on # 0 of server elephant COMPLETED
t:     109949 job   795 on # 0 of server elephant COMPLETED
t:     109949 job   798 on # 0 of server elephant RUNNING
t:     110576 job   798 on # 0 of server elephant COMPLETED
t:     110576 job   799 on # 0 of server elephant RUNNING
t:     110657 job   799 on # 0 of server elephant COMPLETED
t:     110657 job   800 on # 0 of server elephant RUNNING
t:     110657 job   805 on # 0 of server elephant RUNNING
t:     110783 job   800 on # 0 of server elephant COMPLETED
t:     111545 job   805 on # 0 of server elephant COMPLETED
t:     111545 job   809 on # 0 of server elephant RUNNING
t:     112219 job   809 on # 0 of server elephant COMPLETED
t:     112219 job   810 on # 0 of server elephant RUNNING
t:     112237 job   810 on # 0 of server elephant COMPLETED
t:     112237 job   812 on # 0 of server elephant RUNNING
t:     112839 job   812 on # 0 of server elephant COMPLETED
t:     112839 job   826 on # 0 of server elephant RUNNING
t:     112839 job   831 on # 0 of server elephant RUNNING
t:     113624 job   831 on # 0 of server elephant COMPLETED
t:     114071 job   826 on # 0 of server elephant COMPLETED
t:     114071 job   832 on # 0 of server elephant RUNNING
t:     114331 job   832 on # 0 of server elephant COMPLETED
t:     114331 job   839 on # 0 of server elephant RUNNING
t:     114571 job   839 on # 0 of server elephant COMPLETED
t:     114571 job   843 on # 0 of server elephant RUNNING
t:     114703 job   843 on # 0 of server elephant COMPLETED
t:     114703 job   844 on # 0 of server elephant RUNNING
t:     114957 job   844 on # 0 of server elephant COMPLETED
t:     114957 job   846 on # 0 of server elephant RUNNING
t:     115823 job   846 on # 0 of server elephant COMPLETED
t:     115823 job   851 on # 0 of server elephant RUNNING
t:     116544 job   851 on # 0 of server elephant COMPLETED
t:     116544 job   857 on # 0 of server elephant RUNNING
t:     117325 job   857 on # 0 of server elephant COMPLETED
t:     117325 job   861 on # 0 of server elephant RUNNING
t:     118970 job   861 on # 0 of server elephant COMPLETED
t:     118970 job   863 on # 0 of server elephant RUNNING
t:     118970 job   879 on # 0 of server elephant RUNNING
t:     119036 job   879 on # 0 of server elephant COMPLETED
t:     119036 job   881 on # 0 of server elephant RUNNING
t:     119674 job   863 on # 0 of server elephant COMPLETED
t:     119674 job   882 on # 0 of server elephant RUNNING
t:     120037 job   882 on # 0 of server elephant COMPLETED
t:     120037 job   884 on # 0 of server elephant RUNNING
t:     120037 job   889 on # 0 of server elephant RUNNING
t:     120208 job   884 on # 0 of server elephant COMPLETED
t:     120743 job   881 on # 0 of server elephant COMPLETED
t:     121515 job   889 on # 0 of server elephant COMPLETED
t:     121515 job   893 on # 0 of server elephant RUNNING
t:     123058 job   893 on # 0 of server elephant COMPLETED
t:     123058 job   897 on # 0 of server elephant RUNNING
t:     124142 job   897 on # 0 of server elephant COMPLETED
t:     124142 job   902 on # 0 of server elephant RUNNING
t:     125113 job   902 on # 0 of server elephant COMPLETED
t:     125113 job   912 on # 0 of server elephant RUNNING
t:     126561 job   912 on # 0 of server elephant COMPLETED
t:     126561 job   922 on # 0 of server elephant RUNNING
t:     126561 job   928 on # 0 of server elephant RUNNING
t:     127585 job   922 on # 0 of server elephant COMPLETED
t:     127585 job   930 on # 0 of server elephant RUNNING
t:     127948 job   930 on # 0 of server elephant COMPLETED
t:     127948 job   933 on # 0 of server elephant RUNNING
t:     128026 job   928 on # 0 of server elephant COMPLETED
t:     128043 job   933 on # 0 of server elephant COMPLETED
t:     128043 job   936 on # 0 of server elephant RUNNING
t:     128676 job   936 on # 0 of server elephant COMPLETED
t:     128676 job   937 on # 0 of server elephant RUNNING
t:     128676 job   938 on # 0 of server elephant RUNNING
t:     128877 job   938 on # 0 of server elephant COMPLETED
t:     129350 job   937 on # 0 of server elephant COMPLETED
t:     129350 job   943 on # 0 of server elephant RUNNING
t:     129815 job   943 on # 0 of server elephant COMPLETED
t:     129815 job   946 on # 0 of server elephant RUNNING
t:     129815 job   947 on # 0 of server elephant RUNNING
t:     130074 job   946 on # 0 of server elephant COMPLETED
t:     130074 job   948 on # 0 of server elephant RUNNING
t:     130292 job   948 on # 0 of server elephant COMPLETED
t:     130292 job   955 on # 0 of server elephant RUNNING
t:     131065 job   947 on # 0 of server elephant COMPLETED
t:     131065 job   956 on # 0 of server elephant RUNNING
t:     131240 job   955 on # 0 of server elephant COMPLETED
t:     132422 job   956 on # 0 of server elephant COMPLETED
t:     132422 job   958 on # 0 of server elephant RUNNING
t:     133146 job   958 on # 0 of server elephant COMPLETED
t:     133146 job   959 on # 0 of server elephant RUNNING
t:     133146 job   960 on # 0 of server elephant RUNNING
t:     133146 job   964 on # 0 of server elephant RUNNING
t:     133706 job   959 on # 0 of server elephant COMPLETED
t:     133706 job   965 on # 0 of server elephant RUNNING
t:     133813 job   964 on # 0 of server elephant COMPLETED
t:     133813 job   980 on # 0 of server elephant RUNNING
t:     133815 job   960 on # 0 of server elephant COMPLETED
t:     133815 job   982 on # 0 of server elephant RUNNING
t:     133896 job   982 on # 0 of server elephant COMPLETED
t:     133896 job   986 on # 0 of server elephant RUNNING
t:     133896 job   988 on # 0 of server elephant RUNNING
t:     133944 job   986 on # 0 of server elephant COMPLETED
t:     134013 job   980 on # 0 of server elephant COMPLETED
t:     134013 job   991 on # 0 of server elephant RUNNING
t:     134173 job   988 on # 0 of server elephant COMPLETED
t:     135166 job   965 on # 0 of server elephant COMPLETED
t:     135276 job   991 on # 0 of server elephant COMPLETED
t:     135276 job   992 on # 0 of server elephant RUNNING
t:     135616 job   992 on # 0 of server elephant COMPLETED
t:     135616 job   998 on # 0 of server elephant RUNNING
t:     136816 job   998 on # 0 of server elephant COMPLETED
t:     136816 job  1000 on # 0 of server elephant RUNNING
t:     136816 job  1001 on # 0 of server elephant RUNNING
t:     136816 job  1007 on # 0 of server elephant RUNNING
t:     137955 job  1007 on # 0 of server elephant COMPLETED
t:     137955 job  1008 on # 0 of server elephant RUNNING
t:     138015 job  1008 on # 0 of server elephant COMPLETED
t:     138117 job  1000 on # 0 of server elephant COMPLETED
t:     138145 job  1001 on # 0 of server elephant COMPLETED
t:     138145 job  1027 on # 0 of server elephant RUNNING
t:     139337 job  1027 on # 0 of server elephant COMPLETED
t:     139337 job  1034 on # 0 of server elephant RUNNING
t:     140136 job  1034 on # 0 of server elephant COMPLETED
t:     140136 job  1035 on # 0 of server elephant RUNNING
t:     141631 job  1035 on # 0 of server elephant COMPLETED
t:     141631 job  1039 on # 0 of server elephant RUNNING
t:     141631 job  1047 on # 0 of server elephant RUNNING
t:     141797 job  1047 on # 0 of server elephant COMPLETED
t:     142842 job  1039 on # 0 of server elephant COMPLETED
t:     142842 job  1053 on # 0 of server elephant RUNNING
t:     144588 job  1053 on # 0 of server elephant COMPLETED
t:     144588 job  1060 on # 0 of server elephant RUNNING
t:     146098 job  1060 on # 0 of server elephant COMPLETED
t:     146098 job  1061 on # 0 of server elephant RUNNING
t:     146098 job  1065 on # 0 of server elephant RUNNING
t:     146236 job  1065 on # 0 of server elephant COMPLETED
t:     147657 job  1061 on # 0 of server elephant COMPLETED
t:     147657 job  1068 on # 0 of server elephant RUNNING
t:     148166 job  1068 on # 0 of server elephant COMPLETED
t:     148166 job  1079 on # 0 of server elephant RUNNING
t:     148835 job  1079 on # 0 of server elephant COMPLETED
t:     148835 job  1085 on # 0 of server elephant RUNNING
t:     149019 job  1085 on # 0 of server elephant COMPLETED
t:     149019 job  1092 on # 0 of server elephant RUNNING
t:     149019 job  1093 on # 0 of server elephant RUNNING
t:     149541 job  1093 on # 0 of server elephant COMPLETED
t:     150040 job  1092 on # 0 of server elephant COMPLETED
t:     150040 job  1095 on # 0 of server elephant RUNNING
t:     150566 job  1095 on # 0 of server elephant COMPLETED
t:     150566 job  1097 on # 0 of server elephant RUNNING
t:     150822 job  1097 on # 0 of server elephant COMPLETED
t:     150822 job  1100 on # 0 of server elephant RUNNING
t:     151528 job  1100 on # 0 of server elephant COMPLETED
t:     151528 job  1103 on # 0 of server elephant RUNNING
t:     152130 job  1103 on # 0 of server elephant COMPLETED
t:     152130 job  1113 on # 0 of server elephant RUNNING
t:     153333 job  1113 on # 0 of server elephant COMPLETED
t:     153333 job  1115 on # 0 of server elephant RUNNING
t:     153845 job  1115 on # 0 of server elephant COMPLETED
t:     153845 job  1118 on # 0 of server elephant RUNNING
t:     153845 job  1124 on # 0 of server elephant RUNNING
t:     154817 job  1124 on # 0 of server elephant COMPLETED
t:     155041 job  1118 on # 0 of server elephant COMPLETED
t:     155041 job  1126 on # 0 of server elephant RUNNING
t:     156216 job  1126 on # 0 of server elephant COMPLETED
t:     156216 job  1146 on # 0 of server elephant RUNNING
t:     156216 job  1147 on # 0 of server elephant RUNNING
t:     156216 job  1151 on # 0 of server elephant RUNNING
t:     156301 job  1151 on # 0 of server elephant COMPLETED
t:     156431 job  1146 on # 0 of server elephant COMPLETED
t:     157231 job  1147 on # 0 of server elephant COMPLETED
t:     157231 job  1156 on # 0 of server elephant RUNNING
t:     158952 job  1156 on # 0 of server elephant COMPLETED
t:     158952 job  1157 on # 0 of server elephant RUNNING
t:     160468 job  1157 on # 0 of server elephant COMPLETED
t:     160468 job  1158 on # 0 of server elephant RUNNING
t:     160508 job  1158 on # 0 of server elephant COMPLETED
t:     160508 job  1160 on # 0 of server elephant RUNNING
t:     161818 job  1160 on # 0 of server elephant COMPLETED
t:     161818 job  1162 on # 0 of server elephant RUNNING
t:     162940 job  1162 on # 0 of server elephant COMPLETED
t:     162940 job  1188 on # 0 of server elephant RUNNING
t:     162940 job  1196 on # 0 of server elephant RUNNING
t:     163918 job  1188 on # 0 of server elephant COMPLETED
t:     163918 job  1198 on # 0 of server elephant RUNNING
t:     164272 job  1196 on # 0 of server elephant COMPLETED
t:     164272 job  1199 on # 0 of server elephant RUNNING
t:     164481 job  1199 on # 0 of server elephant COMPLETED
t:     164481 job  1200 on # 0 of server elephant RUNNING
t:     165259 job  1198 on # 0 of server elephant COMPLETED
t:     165259 job  1201 on # 0 of server elephant RUNNING
t:     165538 job  1200 on # 0 of server elephant COMPLETED
t:     165538 job  1220 on # 0 of server elephant RUNNING
t:     165756 job  1201 on # 0 of server elephant COMPLETED
t:     165756 job  1221 on # 0 of server elephant RUNNING
t:     166293 job  1221 on # 0 of server elephant COMPLETED
t:     167025 job  1220 on # 0 of server elephant COMPLETED
t:     167025 job  1232 on # 0 of server elephant RUNNING
t:     168809 job  1232 on # 0 of server elephant COMPLETED
t:     168809 job  1258 on # 0 of server elephant RUNNING
t:     170329 job  1258 on # 0 of server elephant COMPLETED
t:     170329 job  1259 on # 0 of server elephant RUNNING
t:     171886 job  1259 on # 0 of server elephant COMPLETED
t:     171886 job  1288 on # 0 of server elephant RUNNING
t:     173149 job  1288 on # 0 of server elephant COMPLETED
t:     173149 job  1289 on # 0 of server elephant RUNNING
t:     174335 job  1289 on # 0 of server elephant COMPLETED
t:     174335 job  1298 on # 0 of server elephant RUNNING
t:     174335 job  1299 on # 0 of server elephant RUNNING
t:     174609 job  1298 on # 0 of server elephant COMPLETED
t:     174609 job  1315 on # 0 of server elephant RUNNING
t:     174690 job  1315 on # 0 of server elephant COMPLETED
t:     174690 job  1317 on # 0 of server elephant RUNNING
t:     174720 job  1317 on # 0 of server elephant COMPLETED
t:     174720 job  1325 on # 0 of server elephant RUNNING
t:     174851 job  1325 on # 0 of server elephant COMPLETED
t:     175116 job  1299 on # 0 of server elephant COMPLETED
t:     175116 job  1328 on # 0 of server elephant RUNNING
t:     175116 job  1336 on # 0 of server elephant RUNNING
t:     175476 job  1328 on # 0 of server elephant COMPLETED
t:     175476 job  1339 on # 0 of server elephant RUNNING
t:     175476 job  1341 on # 0 of server elephant RUNNING
t:     175567 job  1341 on # 0 of server elephant COMPLETED
t:     175567 job  1343 on # 0 of server elephant RUNNING
t:     175763 job  1336 on # 0 of server elephant COMPLETED
t:     175890 job  1343 on # 0 of server elephant COMPLETED
t:     176490 job  1339 on # 0 of server elephant COMPLETED
t:     176490 job  1347 on # 0 of server elephant RUNNING
t:     177055 job  1347 on # 0 of server elephant COMPLETED
t:     177055 job  1356 on # 0 of server elephant RUNNING
t:     177055 job  1357 on # 0 of server elephant RUNNING
t:     177055 job  1360 on # 0 of server elephant RUNNING
t:     177055 job  1364 on # 0 of server elephant RUNNING
t:     177230 job  1357 on # 0 of server elephant COMPLETED
t:     177618 job  1364 on # 0 of server elephant COMPLETED
t:     177716 job  1360 on # 0 of server elephant COMPLETED
t:     177716 job  1365 on # 0 of server elephant RUNNING
t:     178209 job  1356 on # 0 of server elephant COMPLETED
t:     178265 job  1365 on # 0 of server elephant COMPLETED
t:     178265 job  1366 on # 0 of server elephant RUNNING
t:     179659 job  1366 on # 0 of server elephant COMPLETED
t:     179659 job  1387 on # 0 of server elephant RUNNING
t:     179659 job  1389 on # 0 of server elephant RUNNING
t:     179659 job  1411 on # 0 of server elephant RUNNING
t:     179916 job  1389 on # 0 of server elephant COMPLETED
t:     181096 job  1411 on # 0 of server elephant COMPLETED
t:     181246 job  1387 on # 0 of server elephant COMPLETED
t:     181246 job  1422 on # 0 of server elephant RUNNING
t:     182426 job  1422 on # 0 of server elephant COMPLETED
t:     182426 job  1437 on # 0 of server elephant RUNNING
t:     182426 job  1443 on # 0 of server elephant RUNNING
t:     182790 job  1443 on # 0 of server elephant COMPLETED
t:     182790 job  1455 on # 0 of server elephant RUNNING
t:     182823 job  1455 on # 0 of server elephant COMPLETED
t:     182823 job  1508 on # 0 of server elephant RUNNING
t:     182823 job  1554 on # 0 of server elephant RUNNING
t:     182921 job  1437 on # 0 of server elephant COMPLETED
t:     182921 job  1577 on # 0 of server elephant RUNNING
t:     183186 job  1577 on # 0 of server elephant COMPLETED
t:     184169 job  1508 on # 0 of server elephant COMPLETED
t:     184169 job  1579 on # 0 of server elephant RUNNING
t:     184404 job  1554 on # 0 of server elephant COMPLETED
t:     185411 job  1579 on # 0 of server elephant COMPLETED
t:     185411 job  1591 on # 0 of server elephant RUNNING
t:     186677 job  1591 on # 0 of server elephant COMPLETED
t:     186677 job  1650 on # 0 of server elephant RUNNING
t:     188035 job  1650 on # 0 of server elephant COMPLETED
t:     188035 job  1651 on # 0 of server elephant RUNNING
t:     188946 job  1651 on # 0 of server elephant COMPLETED
SENT QUIT
# ---------------------------------------------------------------------------
# 5 elephant servers used with a utilisation of 45.99 at the cost of $808.82
# 14 ant servers used with a utilisation of 12.73 at the cost of $33.91
# 11 dunkey servers used with a utilisation of 12.82 at the cost of $203.08
# =============================== [ Overall ] ===============================
# actual simulation end time: 188946
# total #servers used: 30, avg utilisation: 18.31 and total cost: $1045.81
# avg waiting time: 8083, avg exec time: 762 and avg turnaround time: 8846
